Log file open, 10/15/20 17:56:24
LogInit: Display: Running engine for game: TPS1
LogPlatformFile: Not using cached read wrapper
LogTaskGraph: Started task graph with 5 named threads and 35 total threads with 3 sets of task threads.
LogStats: Stats thread started at 0.262328
LogD3D11RHI: Loaded GFSDK_Aftermath_Lib.x64.dll
LogICUInternationalization: ICU TimeZone Detection - Raw Offset: +8:00, Platform Override: ''
LogPluginManager: Mounting plugin Paper2D
LogPluginManager: Mounting plugin AISupport
LogPluginManager: Mounting plugin LightPropagationVolume
LogPluginManager: Mounting plugin CameraShakePreviewer
LogPluginManager: Mounting plugin ActorLayerUtilities
LogPluginManager: Mounting plugin AnimationSharing
LogPluginManager: Mounting plugin CLionSourceCodeAccess
LogPluginManager: Mounting plugin CodeLiteSourceCodeAccess
LogPluginManager: Mounting plugin GitSourceControl
LogPluginManager: Mounting plugin KDevelopSourceCodeAccess
LogPluginManager: Mounting plugin NullSourceCodeAccess
LogPluginManager: Mounting plugin PerforceSourceControl
LogPluginManager: Mounting plugin PlasticSourceControl
LogPluginManager: Mounting plugin RiderSourceCodeAccess
LogPluginManager: Mounting plugin SubversionSourceControl
LogPluginManager: Mounting plugin UObjectPlugin
LogPluginManager: Mounting plugin VisualStudioCodeSourceCodeAccess
LogPluginManager: Mounting plugin VisualStudioSourceCodeAccess
LogPluginManager: Mounting plugin XCodeSourceCodeAccess
LogPluginManager: Mounting plugin AssetManagerEditor
LogPluginManager: Mounting plugin CryptoKeys
LogPluginManager: Mounting plugin CurveEditorTools
LogPluginManager: Mounting plugin DataValidation
LogPluginManager: Mounting plugin EditorScriptingUtilities
LogPluginManager: Mounting plugin FacialAnimation
LogPluginManager: Mounting plugin GameplayTagsEditor
LogPluginManager: Mounting plugin GeometryMode
LogPluginManager: Mounting plugin MacGraphicsSwitching
LogPluginManager: Mounting plugin MaterialAnalyzer
LogPluginManager: Mounting plugin MobileLauncherProfileWizard
LogPluginManager: Mounting plugin PluginBrowser
LogPluginManager: Mounting plugin SpeedTreeImporter
LogPluginManager: Mounting plugin DatasmithContent
LogPluginManager: Mounting plugin VariantManagerContent
LogPluginManager: Mounting plugin AlembicImporter
LogPluginManager: Mounting plugin AutomationUtils
LogPluginManager: Mounting plugin BackChannel
LogPluginManager: Mounting plugin ChaosCloth
LogPluginManager: Mounting plugin ChaosClothEditor
LogPluginManager: Mounting plugin ChaosEditor
LogPluginManager: Mounting plugin ChaosNiagara
LogPluginManager: Mounting plugin ChaosSolverPlugin
LogPluginManager: Mounting plugin CharacterAI
LogPluginManager: Mounting plugin GeometryCache
LogPluginManager: Mounting plugin GeometryCollectionPlugin
LogPluginManager: Mounting plugin GeometryProcessing
LogPluginManager: Mounting plugin PlanarCut
LogPluginManager: Mounting plugin PlatformCrypto
LogPluginManager: Mounting plugin ProxyLODPlugin
LogPluginManager: Mounting plugin SkeletalReduction
LogPluginManager: Mounting plugin Niagara
LogPluginManager: Mounting plugin MagicLeap
LogPluginManager: Mounting plugin MagicLeapLightEstimation
LogPluginManager: Mounting plugin MagicLeapMedia
LogPluginManager: Mounting plugin MagicLeapPassableWorld
LogPluginManager: Mounting plugin MLSDK
LogPluginManager: Mounting plugin AndroidMedia
LogPluginManager: Mounting plugin AvfMedia
LogPluginManager: Mounting plugin ImgMedia
LogPluginManager: Mounting plugin MediaCompositing
LogPluginManager: Mounting plugin MediaPlayerEditor
LogPluginManager: Mounting plugin WebMMedia
LogPluginManager: Mounting plugin WmfMedia
LogPluginManager: Mounting plugin MeshPainting
LogPluginManager: Mounting plugin TcpMessaging
LogPluginManager: Mounting plugin UdpMessaging
LogPluginManager: Mounting plugin ActorSequence
LogPluginManager: Mounting plugin LevelSequenceEditor
LogPluginManager: Mounting plugin MatineeToLevelSequence
LogPluginManager: Mounting plugin MovieRenderPipeline
LogPluginManager: Mounting plugin TemplateSequence
LogPluginManager: Mounting plugin NetcodeUnitTest
LogPluginManager: Mounting plugin NUTUnrealEngine4
LogPluginManager: Mounting plugin OnlineSubsystemGooglePlay
LogPluginManager: Mounting plugin OnlineSubsystemIOS
LogPluginManager: Mounting plugin OnlineSubsystem
LogPluginManager: Mounting plugin OnlineSubsystemNull
LogPluginManager: Mounting plugin OnlineSubsystemUtils
LogPluginManager: Mounting plugin LauncherChunkInstaller
LogPluginManager: Mounting plugin AndroidDeviceProfileSelector
LogPluginManager: Mounting plugin AndroidMoviePlayer
LogPluginManager: Mounting plugin AndroidPermission
LogPluginManager: Mounting plugin AppleImageUtils
LogPluginManager: Mounting plugin AppleMoviePlayer
LogPluginManager: Mounting plugin ArchVisCharacter
LogPluginManager: Mounting plugin AssetTags
LogPluginManager: Mounting plugin AudioCapture
LogPluginManager: Mounting plugin CableComponent
LogPluginManager: Mounting plugin CustomMeshComponent
LogPluginManager: Mounting plugin EditableMesh
LogPluginManager: Mounting plugin ExampleDeviceProfileSelector
LogPluginManager: Mounting plugin GoogleCloudMessaging
LogPluginManager: Mounting plugin GooglePAD
LogPluginManager: Mounting plugin IOSDeviceProfileSelector
LogPluginManager: Mounting plugin LinuxDeviceProfileSelector
LogPluginManager: Mounting plugin LocationServicesBPLibrary
LogPluginManager: Mounting plugin MobilePatchingUtils
LogPluginManager: Mounting plugin OculusVR
LogPluginManager: Mounting plugin PhysXVehicles
LogPluginManager: Mounting plugin PostSplashScreen
LogPluginManager: Mounting plugin ProceduralMeshComponent
LogPluginManager: Mounting plugin RuntimePhysXCooking
LogPluginManager: Mounting plugin SignificanceManager
LogPluginManager: Mounting plugin SoundFields
LogPluginManager: Mounting plugin SteamVR
LogPluginManager: Mounting plugin Synthesis
LogPluginManager: Mounting plugin WebMMoviePlayer
LogPluginManager: Mounting plugin WindowsMoviePlayer
LogPluginManager: Mounting plugin ScreenshotTools
LogInit: Using libcurl 7.55.1-DEV
LogInit:  - built for x86_64-pc-win32
LogInit:  - supports SSL with OpenSSL/1.1.1
LogInit:  - supports HTTP deflate (compression) using libz 1.2.8
LogInit:  - other features:
LogInit:      CURL_VERSION_SSL
LogInit:      CURL_VERSION_LIBZ
LogInit:      CURL_VERSION_IPV6
LogInit:      CURL_VERSION_ASYNCHDNS
LogInit:      CURL_VERSION_LARGEFILE
LogInit:      CURL_VERSION_IDN
LogInit:  CurlRequestOptions (configurable via config and command line):
LogInit:  - bVerifyPeer = true  - Libcurl will verify peer certificate
LogInit:  - bUseHttpProxy = true  - Libcurl will use HTTP proxy
LogInit:  - HttpProxyAddress = '127.0.0.1:10809'
LogInit:  - bDontReuseConnections = false  - Libcurl will reuse connections
LogInit:  - MaxHostConnections = 16  - Libcurl will limit the number of connections to a host
LogInit:  - LocalHostAddr = Default
LogInit:  - BufferSize = 65536
LogOnline: OSS: Creating online subsystem instance for: NULL
LogInit: WinSock: version 1.1 (2.2), MaxSocks=32767, MaxUdp=65467
LogOnline: OSS: TryLoadSubsystemAndSetDefault: Loaded subsystem for module [NULL]
LogInit: Build: ++UE4+Release-4.25-CL-13942748
LogInit: Engine Version: 4.25.3-13942748+++UE4+Release-4.25
LogInit: Compatible Engine Version: 4.25.0-13144385+++UE4+Release-4.25
LogInit: Net CL: 13144385
LogInit: OS: Windows 10 (Release 1903) (), CPU: Intel(R) Core(TM) i7-8750H CPU @ 2.20GHz, GPU: Intel(R) UHD Graphics 630
LogInit: Compiled (64-bit): Jul 25 2020 02:07:48
LogInit: Compiled with Visual C++: 19.24.28315.00
LogInit: Build Configuration: Development
LogInit: Branch Name: ++UE4+Release-4.25
LogInit: Command Line: 
LogInit: Base Directory: F:/Unreal Engine 4/UE_4.25/Engine/Binaries/Win64/
LogInit: Allocator: TBB
LogInit: Installed Engine Build: 1
LogDevObjectVersion: Number of dev versions registered: 26
LogDevObjectVersion:   Dev-Blueprints (B0D832E4-1F89-4F0D-ACCF-7EB736FD4AA2): 10
LogDevObjectVersion:   Dev-Build (E1C64328-A22C-4D53-A36C-8E866417BD8C): 0
LogDevObjectVersion:   Dev-Core (375EC13C-06E4-48FB-B500-84F0262A717E): 4
LogDevObjectVersion:   Dev-Editor (E4B068ED-F494-42E9-A231-DA0B2E46BB41): 38
LogDevObjectVersion:   Dev-Framework (CFFC743F-43B0-4480-9391-14DF171D2073): 37
LogDevObjectVersion:   Dev-Mobile (B02B49B5-BB20-44E9-A304-32B752E40360): 2
LogDevObjectVersion:   Dev-Networking (A4E4105C-59A1-49B5-A7C5-40C4547EDFEE): 0
LogDevObjectVersion:   Dev-Online (39C831C9-5AE6-47DC-9A44-9C173E1C8E7C): 0
LogDevObjectVersion:   Dev-Physics (78F01B33-EBEA-4F98-B9B4-84EACCB95AA2): 4
LogDevObjectVersion:   Dev-Platform (6631380F-2D4D-43E0-8009-CF276956A95A): 0
LogDevObjectVersion:   Dev-Rendering (12F88B9F-8875-4AFC-A67C-D90C383ABD29): 43
LogDevObjectVersion:   Dev-Sequencer (7B5AE74C-D270-4C10-A958-57980B212A5A): 12
LogDevObjectVersion:   Dev-VR (D7296918-1DD6-4BDD-9DE2-64A83CC13884): 3
LogDevObjectVersion:   Dev-LoadTimes (C2A15278-BFE7-4AFE-6C17-90FF531DF755): 1
LogDevObjectVersion:   Private-Geometry (6EACA3D4-40EC-4CC1-B786-8BED09428FC5): 3
LogDevObjectVersion:   Dev-AnimPhys (29E575DD-E0A3-4627-9D10-D276232CDCEA): 17
LogDevObjectVersion:   Dev-Anim (AF43A65D-7FD3-4947-9873-3E8ED9C1BB05): 7
LogDevObjectVersion:   Dev-ReflectionCapture (6B266CEC-1EC7-4B8F-A30B-E4D90942FC07): 1
LogDevObjectVersion:   Dev-Automation (0DF73D61-A23F-47EA-B727-89E90C41499A): 1
LogDevObjectVersion:   FortniteMain (601D1886-AC64-4F84-AA16-D3DE0DEAC7D6): 31
LogDevObjectVersion:   Dev-Enterprise (9DFFBCD6-494F-0158-E221-12823C92A888): 10
LogDevObjectVersion:   Dev-Niagara (F2AED0AC-9AFE-416F-8664-AA7FFA26D6FC): 1
LogDevObjectVersion:   Dev-Destruction (174F1F0B-B4C6-45A5-B13F-2EE8D0FB917D): 10
LogDevObjectVersion:   Dev-Physics-Ext (35F94A83-E258-406C-A318-09F59610247C): 37
LogDevObjectVersion:   Dev-PhysicsMaterial-Chaos (B68FC16E-8B1B-42E2-B453-215C058844FE): 1
LogDevObjectVersion:   Dev-CineCamera (B2E18506-4273-CFC2-A54E-F4BB758BBA07): 1
LogInit: Presizing for max 25165824 objects, including 0 objects not considered by GC, pre-allocating 0 bytes for permanent pool.
LogConfig: Applying CVar settings from Section [/Script/Engine.StreamingSettings] File [E:/UE4 project/TPS1/Saved/Config/Windows/Engine.ini]
LogConfig: Setting CVar [[s.MinBulkDataSizeForAsyncLoading:131072]]
LogConfig: Setting CVar [[s.AsyncLoadingThreadEnabled:0]]
LogConfig: Setting CVar [[s.EventDrivenLoaderEnabled:1]]
LogConfig: Setting CVar [[s.WarnIfTimeLimitExceeded:0]]
LogConfig: Setting CVar [[s.TimeLimitExceededMultiplier:1.5]]
LogConfig: Setting CVar [[s.TimeLimitExceededMinTime:0.005]]
LogConfig: Setting CVar [[s.UseBackgroundLevelStreaming:1]]
LogConfig: Setting CVar [[s.PriorityAsyncLoadingExtraTime:15.0]]
LogConfig: Setting CVar [[s.LevelStreamingActorsUpdateTimeLimit:5.0]]
LogConfig: Setting CVar [[s.PriorityLevelStreamingActorsUpdateExtraTime:5.0]]
LogConfig: Setting CVar [[s.LevelStreamingComponentsRegistrationGranularity:10]]
LogConfig: Setting CVar [[s.UnregisterComponentsTimeLimit:1.0]]
LogConfig: Setting CVar [[s.LevelStreamingComponentsUnregistrationGranularity:5]]
LogConfig: Setting CVar [[s.FlushStreamingOnExit:1]]
LogInit: Object subsystem initialized
LogConfig: Setting CVar [[con.DebugEarlyDefault:1]]
LogConfig: Setting CVar [[r.setres:1280x720]]
[2020.10.15-09.56.24:759][  0]LogConfig: Setting CVar [[r.VSync:0]]
[2020.10.15-09.56.24:759][  0]LogConfig: Setting CVar [[r.RHICmdBypass:0]]
[2020.10.15-09.56.24:759][  0]LogConfig: Applying CVar settings from Section [/Script/Engine.RendererSettings] File [E:/UE4 project/TPS1/Saved/Config/Windows/Engine.ini]
[2020.10.15-09.56.24:759][  0]LogConfig: Setting CVar [[r.GPUCrashDebugging:0]]
[2020.10.15-09.56.24:759][  0]LogConfig: Setting CVar [[r.Mobile.DisableVertexFog:1]]
[2020.10.15-09.56.24:759][  0]LogConfig: Setting CVar [[r.Shadow.CSM.MaxMobileCascades:2]]
[2020.10.15-09.56.24:759][  0]LogConfig: Setting CVar [[r.MobileMSAA:1]]
[2020.10.15-09.56.24:759][  0]LogConfig: Setting CVar [[r.Mobile.UseLegacyShadingModel:0]]
[2020.10.15-09.56.24:759][  0]LogConfig: Setting CVar [[r.Mobile.AllowDitheredLODTransition:0]]
[2020.10.15-09.56.24:759][  0]LogConfig: Setting CVar [[r.Mobile.AllowSoftwareOcclusion:0]]
[2020.10.15-09.56.24:759][  0]LogConfig: Setting CVar [[r.Mobile.VirtualTextures:0]]
[2020.10.15-09.56.24:759][  0]LogConfig: Setting CVar [[r.DiscardUnusedQuality:0]]
[2020.10.15-09.56.24:759][  0]LogConfig: Setting CVar [[r.AllowOcclusionQueries:1]]
[2020.10.15-09.56.24:759][  0]LogConfig: Setting CVar [[r.MinScreenRadiusForLights:0.030000]]
[2020.10.15-09.56.24:759][  0]LogConfig: Setting CVar [[r.MinScreenRadiusForDepthPrepass:0.030000]]
[2020.10.15-09.56.24:759][  0]LogConfig: Setting CVar [[r.MinScreenRadiusForCSMDepth:0.010000]]
[2020.10.15-09.56.24:759][  0]LogConfig: Setting CVar [[r.PrecomputedVisibilityWarning:0]]
[2020.10.15-09.56.24:759][  0]LogConfig: Setting CVar [[r.TextureStreaming:1]]
[2020.10.15-09.56.24:759][  0]LogConfig: Setting CVar [[Compat.UseDXT5NormalMaps:0]]
[2020.10.15-09.56.24:759][  0]LogConfig: Setting CVar [[r.VirtualTextures:0]]
[2020.10.15-09.56.24:759][  0]LogConfig: Setting CVar [[r.VirtualTexturedLightmaps:0]]
[2020.10.15-09.56.24:759][  0]LogConfig: Setting CVar [[r.VT.TileSize:128]]
[2020.10.15-09.56.24:759][  0]LogConfig: Setting CVar [[r.VT.TileBorderSize:4]]
[2020.10.15-09.56.24:759][  0]LogConfig: Setting CVar [[r.vt.FeedbackFactor:16]]
[2020.10.15-09.56.24:759][  0]LogConfig: Setting CVar [[r.VT.EnableCompressZlib:1]]
[2020.10.15-09.56.24:759][  0]LogConfig: Setting CVar [[r.VT.EnableCompressCrunch:0]]
[2020.10.15-09.56.24:759][  0]LogConfig: Setting CVar [[r.ClearCoatNormal:0]]
[2020.10.15-09.56.24:759][  0]LogConfig: Setting CVar [[r.AnisotropicBRDF:0]]
[2020.10.15-09.56.24:759][  0]LogConfig: Setting CVar [[r.ReflectionCaptureResolution:128]]
[2020.10.15-09.56.24:759][  0]LogConfig: Setting CVar [[r.ReflectionEnvironmentLightmapMixBasedOnRoughness:1]]
[2020.10.15-09.56.24:759][  0]LogConfig: Setting CVar [[r.ForwardShading:0]]
[2020.10.15-09.56.24:759][  0]LogConfig: Setting CVar [[r.VertexFoggingForOpaque:1]]
[2020.10.15-09.56.24:759][  0]LogConfig: Setting CVar [[r.AllowStaticLighting:1]]
[2020.10.15-09.56.24:759][  0]LogConfig: Setting CVar [[r.NormalMapsForStaticLighting:0]]
[2020.10.15-09.56.24:759][  0]LogConfig: Setting CVar [[r.GenerateMeshDistanceFields:0]]
[2020.10.15-09.56.24:759][  0]LogConfig: Setting CVar [[r.DistanceFieldBuild.EightBit:0]]
[2020.10.15-09.56.24:759][  0]LogConfig: Setting CVar [[r.GenerateLandscapeGIData:0]]
[2020.10.15-09.56.24:759][  0]LogConfig: Setting CVar [[r.DistanceFieldBuild.Compress:0]]
[2020.10.15-09.56.24:759][  0]LogConfig: Setting CVar [[r.TessellationAdaptivePixelsPerTriangle:48.000000]]
[2020.10.15-09.56.24:759][  0]LogConfig: Setting CVar [[r.SeparateTranslucency:0]]
[2020.10.15-09.56.24:759][  0]LogConfig: Setting CVar [[r.TranslucentSortPolicy:0]]
[2020.10.15-09.56.24:759][  0]LogConfig: Setting CVar [[r.CustomDepth:1]]
[2020.10.15-09.56.24:759][  0]LogConfig: Setting CVar [[r.CustomDepthTemporalAAJitter:1]]
[2020.10.15-09.56.24:759][  0]LogConfig: Setting CVar [[r.PostProcessing.PropagateAlpha:0]]
[2020.10.15-09.56.24:759][  0]LogConfig: Setting CVar [[r.DefaultFeature.Bloom:1]]
[2020.10.15-09.56.24:759][  0]LogConfig: Setting CVar [[r.DefaultFeature.AmbientOcclusion:0]]
[2020.10.15-09.56.24:759][  0]LogConfig: Setting CVar [[r.DefaultFeature.AmbientOcclusionStaticFraction:1]]
[2020.10.15-09.56.24:759][  0]LogConfig: Setting CVar [[r.DefaultFeature.AutoExposure:0]]
[2020.10.15-09.56.24:759][  0]LogConfig: Setting CVar [[r.DefaultFeature.AutoExposure.Method:0]]
[2020.10.15-09.56.24:759][  0]LogConfig: Setting CVar [[r.DefaultFeature.AutoExposure.Bias:1.000000]]
[2020.10.15-09.56.24:760][  0]LogConfig: Setting CVar [[r.DefaultFeature.AutoExposure.ExtendDefaultLuminanceRange:0]]
[2020.10.15-09.56.24:760][  0]LogConfig: Setting CVar [[r.UsePreExposure:1]]
[2020.10.15-09.56.24:760][  0]LogConfig: Setting CVar [[r.EyeAdaptation.EditorOnly:0]]
[2020.10.15-09.56.24:760][  0]LogConfig: Setting CVar [[r.DefaultFeature.MotionBlur:0]]
[2020.10.15-09.56.24:760][  0]LogConfig: Setting CVar [[r.DefaultFeature.LensFlare:0]]
[2020.10.15-09.56.24:760][  0]LogConfig: Setting CVar [[r.TemporalAA.Upsampling:0]]
[2020.10.15-09.56.24:760][  0]LogConfig: Setting CVar [[r.SSGI.Enable:0]]
[2020.10.15-09.56.24:760][  0]LogConfig: Setting CVar [[r.DefaultFeature.AntiAliasing:0]]
[2020.10.15-09.56.24:760][  0]LogConfig: Setting CVar [[r.DefaultFeature.LightUnits:1]]
[2020.10.15-09.56.24:760][  0]LogConfig: Setting CVar [[r.DefaultBackBufferPixelFormat:4]]
[2020.10.15-09.56.24:760][  0]LogConfig: Setting CVar [[r.Shadow.UnbuiltPreviewInGame:1]]
[2020.10.15-09.56.24:760][  0]LogConfig: Setting CVar [[r.StencilForLODDither:0]]
[2020.10.15-09.56.24:760][  0]LogConfig: Setting CVar [[r.EarlyZPass:3]]
[2020.10.15-09.56.24:760][  0]LogConfig: Setting CVar [[r.EarlyZPassOnlyMaterialMasking:0]]
[2020.10.15-09.56.24:760][  0]LogConfig: Setting CVar [[r.DBuffer:1]]
[2020.10.15-09.56.24:760][  0]LogConfig: Setting CVar [[r.ClearSceneMethod:1]]
[2020.10.15-09.56.24:760][  0]LogConfig: Setting CVar [[r.BasePassOutputsVelocity:0]]
[2020.10.15-09.56.24:760][  0]LogConfig: Setting CVar [[r.VertexDeformationOutputsVelocity:0]]
[2020.10.15-09.56.24:760][  0]LogConfig: Setting CVar [[r.SelectiveBasePassOutputs:0]]
[2020.10.15-09.56.24:760][  0]LogConfig: Setting CVar [[fx.GPUSimulationTextureSizeX:1024]]
[2020.10.15-09.56.24:760][  0]LogConfig: Setting CVar [[fx.GPUSimulationTextureSizeY:1024]]
[2020.10.15-09.56.24:760][  0]LogConfig: Setting CVar [[r.AllowGlobalClipPlane:0]]
[2020.10.15-09.56.24:760][  0]LogConfig: Setting CVar [[r.GBufferFormat:1]]
[2020.10.15-09.56.24:760][  0]LogConfig: Setting CVar [[r.MorphTarget.Mode:1]]
[2020.10.15-09.56.24:760][  0]LogConfig: Setting CVar [[vr.InstancedStereo:0]]
[2020.10.15-09.56.24:760][  0]LogConfig: Setting CVar [[r.MobileHDR:1]]
[2020.10.15-09.56.24:760][  0]LogConfig: Setting CVar [[vr.MobileMultiView:0]]
[2020.10.15-09.56.24:760][  0]LogConfig: Setting CVar [[r.Mobile.UseHWsRGBEncoding:0]]
[2020.10.15-09.56.24:760][  0]LogConfig: Setting CVar [[vr.RoundRobinOcclusion:0]]
[2020.10.15-09.56.24:760][  0]LogConfig: Setting CVar [[vr.ODSCapture:0]]
[2020.10.15-09.56.24:760][  0]LogConfig: Setting CVar [[r.MeshStreaming:0]]
[2020.10.15-09.56.24:760][  0]LogConfig: Setting CVar [[r.WireframeCullThreshold:5.000000]]
[2020.10.15-09.56.24:760][  0]LogConfig: Setting CVar [[r.RayTracing:0]]
[2020.10.15-09.56.24:760][  0]LogConfig: Setting CVar [[r.RayTracing.UseTextureLod:0]]
[2020.10.15-09.56.24:760][  0]LogConfig: Setting CVar [[r.SupportStationarySkylight:1]]
[2020.10.15-09.56.24:760][  0]LogConfig: Setting CVar [[r.SupportLowQualityLightmaps:1]]
[2020.10.15-09.56.24:760][  0]LogConfig: Setting CVar [[r.SupportPointLightWholeSceneShadows:1]]
[2020.10.15-09.56.24:760][  0]LogConfig: Setting CVar [[r.SupportAtmosphericFog:1]]
[2020.10.15-09.56.24:760][  0]LogConfig: Setting CVar [[r.SupportSkyAtmosphere:1]]
[2020.10.15-09.56.24:760][  0]LogConfig: Setting CVar [[r.SupportSkyAtmosphereAffectsHeightFog:0]]
[2020.10.15-09.56.24:760][  0]LogConfig: Setting CVar [[r.SkinCache.CompileShaders:0]]
[2020.10.15-09.56.24:760][  0]LogConfig: Setting CVar [[r.SkinCache.DefaultBehavior:1]]
[2020.10.15-09.56.24:760][  0]LogConfig: Setting CVar [[r.SkinCache.SceneMemoryLimitInMB:128.000000]]
[2020.10.15-09.56.24:760][  0]LogConfig: Setting CVar [[r.Mobile.EnableStaticAndCSMShadowReceivers:1]]
[2020.10.15-09.56.24:760][  0]LogConfig: Setting CVar [[r.Mobile.EnableMovableLightCSMShaderCulling:1]]
[2020.10.15-09.56.24:760][  0]LogConfig: Setting CVar [[r.Mobile.AllowDistanceFieldShadows:1]]
[2020.10.15-09.56.24:760][  0]LogConfig: Setting CVar [[r.Mobile.AllowMovableDirectionalLights:1]]
[2020.10.15-09.56.24:760][  0]LogConfig: Setting CVar [[r.MobileNumDynamicPointLights:4]]
[2020.10.15-09.56.24:760][  0]LogConfig: Setting CVar [[r.MobileDynamicPointLightsUseStaticBranch:1]]
[2020.10.15-09.56.24:760][  0]LogConfig: Setting CVar [[r.Mobile.EnableMovableSpotlights:0]]
[2020.10.15-09.56.24:760][  0]LogConfig: Setting CVar [[r.GPUSkin.Support16BitBoneIndex:0]]
[2020.10.15-09.56.24:760][  0]LogConfig: Setting CVar [[r.GPUSkin.Limit2BoneInfluences:0]]
[2020.10.15-09.56.24:760][  0]LogConfig: Setting CVar [[r.SupportDepthOnlyIndexBuffers:1]]
[2020.10.15-09.56.24:760][  0]LogConfig: Setting CVar [[r.SupportReversedIndexBuffers:1]]
[2020.10.15-09.56.24:760][  0]LogConfig: Setting CVar [[r.SupportMaterialLayers:0]]
[2020.10.15-09.56.24:760][  0]LogConfig: Setting CVar [[r.LightPropagationVolume:0]]
[2020.10.15-09.56.24:760][  0]LogConfig: Applying CVar settings from Section [/Script/Engine.RendererOverrideSettings] File [E:/UE4 project/TPS1/Saved/Config/Windows/Engine.ini]
[2020.10.15-09.56.24:760][  0]LogConfig: Applying CVar settings from Section [/Script/Engine.StreamingSettings] File [E:/UE4 project/TPS1/Saved/Config/Windows/Engine.ini]
[2020.10.15-09.56.24:760][  0]LogConfig: Setting CVar [[s.MinBulkDataSizeForAsyncLoading:131072]]
[2020.10.15-09.56.24:760][  0]LogConfig: Setting CVar [[s.AsyncLoadingThreadEnabled:0]]
[2020.10.15-09.56.24:760][  0]LogConfig: Setting CVar [[s.EventDrivenLoaderEnabled:1]]
[2020.10.15-09.56.24:760][  0]LogConfig: Setting CVar [[s.WarnIfTimeLimitExceeded:0]]
[2020.10.15-09.56.24:760][  0]LogConfig: Setting CVar [[s.TimeLimitExceededMultiplier:1.5]]
[2020.10.15-09.56.24:760][  0]LogConfig: Setting CVar [[s.TimeLimitExceededMinTime:0.005]]
[2020.10.15-09.56.24:760][  0]LogConfig: Setting CVar [[s.UseBackgroundLevelStreaming:1]]
[2020.10.15-09.56.24:760][  0]LogConfig: Setting CVar [[s.PriorityAsyncLoadingExtraTime:15.0]]
[2020.10.15-09.56.24:760][  0]LogConfig: Setting CVar [[s.LevelStreamingActorsUpdateTimeLimit:5.0]]
[2020.10.15-09.56.24:760][  0]LogConfig: Setting CVar [[s.PriorityLevelStreamingActorsUpdateExtraTime:5.0]]
[2020.10.15-09.56.24:760][  0]LogConfig: Setting CVar [[s.LevelStreamingComponentsRegistrationGranularity:10]]
[2020.10.15-09.56.24:760][  0]LogConfig: Setting CVar [[s.UnregisterComponentsTimeLimit:1.0]]
[2020.10.15-09.56.24:760][  0]LogConfig: Setting CVar [[s.LevelStreamingComponentsUnregistrationGranularity:5]]
[2020.10.15-09.56.24:760][  0]LogConfig: Setting CVar [[s.FlushStreamingOnExit:1]]
[2020.10.15-09.56.24:760][  0]LogConfig: Applying CVar settings from Section [/Script/Engine.GarbageCollectionSettings] File [E:/UE4 project/TPS1/Saved/Config/Windows/Engine.ini]
[2020.10.15-09.56.24:760][  0]LogConfig: Setting CVar [[gc.MaxObjectsNotConsideredByGC:1]]
[2020.10.15-09.56.24:760][  0]LogConfig: Setting CVar [[gc.SizeOfPermanentObjectPool:0]]
[2020.10.15-09.56.24:760][  0]LogConfig: Setting CVar [[gc.FlushStreamingOnGC:0]]
[2020.10.15-09.56.24:760][  0]LogConfig: Setting CVar [[gc.NumRetriesBeforeForcingGC:10]]
[2020.10.15-09.56.24:761][  0]LogConfig: Setting CVar [[gc.AllowParallelGC:1]]
[2020.10.15-09.56.24:761][  0]LogConfig: Setting CVar [[gc.TimeBetweenPurgingPendingKillObjects:61.1]]
[2020.10.15-09.56.24:761][  0]LogConfig: Setting CVar [[gc.MaxObjectsInEditor:25165824]]
[2020.10.15-09.56.24:761][  0]LogConfig: Setting CVar [[gc.IncrementalBeginDestroyEnabled:1]]
[2020.10.15-09.56.24:761][  0]LogConfig: Setting CVar [[gc.CreateGCClusters:1]]
[2020.10.15-09.56.24:761][  0]LogConfig: Setting CVar [[gc.MinGCClusterSize:5]]
[2020.10.15-09.56.24:761][  0]LogConfig: Setting CVar [[gc.ActorClusteringEnabled:0]]
[2020.10.15-09.56.24:761][  0]LogConfig: Setting CVar [[gc.BlueprintClusteringEnabled:0]]
[2020.10.15-09.56.24:761][  0]LogConfig: Setting CVar [[gc.UseDisregardForGCOnDedicatedServers:0]]
[2020.10.15-09.56.24:761][  0]LogConfig: Applying CVar settings from Section [/Script/Engine.NetworkSettings] File [E:/UE4 project/TPS1/Saved/Config/Windows/Engine.ini]
[2020.10.15-09.56.24:761][  0]LogConfig: Applying CVar settings from Section [/Script/UnrealEd.CookerSettings] File [E:/UE4 project/TPS1/Saved/Config/Windows/Engine.ini]
[2020.10.15-09.56.24:763][  0]LogConfig: Applying CVar settings from Section [ViewDistanceQuality@3] File [E:/UE4 project/TPS1/Saved/Config/Windows/Scalability.ini]
[2020.10.15-09.56.24:763][  0]LogConfig: Setting CVar [[r.SkeletalMeshLODBias:0]]
[2020.10.15-09.56.24:763][  0]LogConfig: Setting CVar [[r.ViewDistanceScale:1.0]]
[2020.10.15-09.56.24:763][  0]LogConfig: Applying CVar settings from Section [AntiAliasingQuality@3] File [E:/UE4 project/TPS1/Saved/Config/Windows/Scalability.ini]
[2020.10.15-09.56.24:763][  0]LogConfig: Setting CVar [[r.PostProcessAAQuality:4]]
[2020.10.15-09.56.24:763][  0]LogConfig: Applying CVar settings from Section [ShadowQuality@3] File [E:/UE4 project/TPS1/Saved/Config/Windows/Scalability.ini]
[2020.10.15-09.56.24:763][  0]LogConfig: Setting CVar [[r.LightFunctionQuality:1]]
[2020.10.15-09.56.24:763][  0]LogConfig: Setting CVar [[r.ShadowQuality:5]]
[2020.10.15-09.56.24:763][  0]LogConfig: Setting CVar [[r.Shadow.CSM.MaxCascades:10]]
[2020.10.15-09.56.24:763][  0]LogConfig: Setting CVar [[r.Shadow.MaxResolution:2048]]
[2020.10.15-09.56.24:763][  0]LogConfig: Setting CVar [[r.Shadow.MaxCSMResolution:2048]]
[2020.10.15-09.56.24:763][  0]LogConfig: Setting CVar [[r.Shadow.RadiusThreshold:0.01]]
[2020.10.15-09.56.24:763][  0]LogConfig: Setting CVar [[r.Shadow.DistanceScale:1.0]]
[2020.10.15-09.56.24:763][  0]LogConfig: Setting CVar [[r.Shadow.CSM.TransitionScale:1.0]]
[2020.10.15-09.56.24:763][  0]LogConfig: Setting CVar [[r.Shadow.PreShadowResolutionFactor:1.0]]
[2020.10.15-09.56.24:763][  0]LogConfig: Setting CVar [[r.DistanceFieldShadowing:1]]
[2020.10.15-09.56.24:763][  0]LogConfig: Setting CVar [[r.DistanceFieldAO:1]]
[2020.10.15-09.56.24:763][  0]LogConfig: Setting CVar [[r.AOQuality:2]]
[2020.10.15-09.56.24:763][  0]LogConfig: Setting CVar [[r.VolumetricFog:1]]
[2020.10.15-09.56.24:763][  0]LogConfig: Setting CVar [[r.VolumetricFog.GridPixelSize:8]]
[2020.10.15-09.56.24:763][  0]LogConfig: Setting CVar [[r.VolumetricFog.GridSizeZ:128]]
[2020.10.15-09.56.24:763][  0]LogConfig: Setting CVar [[r.VolumetricFog.HistoryMissSupersampleCount:4]]
[2020.10.15-09.56.24:763][  0]LogConfig: Setting CVar [[r.LightMaxDrawDistanceScale:1]]
[2020.10.15-09.56.24:763][  0]LogConfig: Setting CVar [[r.CapsuleShadows:1]]
[2020.10.15-09.56.24:763][  0]LogConfig: Applying CVar settings from Section [PostProcessQuality@3] File [E:/UE4 project/TPS1/Saved/Config/Windows/Scalability.ini]
[2020.10.15-09.56.24:763][  0]LogConfig: Setting CVar [[r.MotionBlurQuality:4]]
[2020.10.15-09.56.24:763][  0]LogConfig: Setting CVar [[r.AmbientOcclusionMipLevelFactor:0.4]]
[2020.10.15-09.56.24:763][  0]LogConfig: Setting CVar [[r.AmbientOcclusionMaxQuality:100]]
[2020.10.15-09.56.24:763][  0]LogConfig: Setting CVar [[r.AmbientOcclusionLevels:-1]]
[2020.10.15-09.56.24:763][  0]LogConfig: Setting CVar [[r.AmbientOcclusionRadiusScale:1.0]]
[2020.10.15-09.56.24:763][  0]LogConfig: Setting CVar [[r.DepthOfFieldQuality:2]]
[2020.10.15-09.56.24:763][  0]LogConfig: Setting CVar [[r.RenderTargetPoolMin:400]]
[2020.10.15-09.56.24:763][  0]LogConfig: Setting CVar [[r.LensFlareQuality:2]]
[2020.10.15-09.56.24:763][  0]LogConfig: Setting CVar [[r.SceneColorFringeQuality:1]]
[2020.10.15-09.56.24:763][  0]LogConfig: Setting CVar [[r.EyeAdaptationQuality:2]]
[2020.10.15-09.56.24:763][  0]LogConfig: Setting CVar [[r.BloomQuality:5]]
[2020.10.15-09.56.24:763][  0]LogConfig: Setting CVar [[r.FastBlurThreshold:100]]
[2020.10.15-09.56.24:763][  0]LogConfig: Setting CVar [[r.Upscale.Quality:3]]
[2020.10.15-09.56.24:763][  0]LogConfig: Setting CVar [[r.Tonemapper.GrainQuantization:1]]
[2020.10.15-09.56.24:763][  0]LogConfig: Setting CVar [[r.LightShaftQuality:1]]
[2020.10.15-09.56.24:763][  0]LogConfig: Setting CVar [[r.Filter.SizeScale:1]]
[2020.10.15-09.56.24:763][  0]LogConfig: Setting CVar [[r.Tonemapper.Quality:5]]
[2020.10.15-09.56.24:763][  0]LogConfig: Setting CVar [[r.DOF.Gather.AccumulatorQuality:1        ; higher gathering accumulator quality]]
[2020.10.15-09.56.24:763][  0]LogConfig: Setting CVar [[r.DOF.Gather.PostfilterMethod:1          ; Median3x3 postfilering method]]
[2020.10.15-09.56.24:763][  0]LogConfig: Setting CVar [[r.DOF.Gather.EnableBokehSettings:0       ; no bokeh simulation when gathering]]
[2020.10.15-09.56.24:763][  0]LogConfig: Setting CVar [[r.DOF.Gather.RingCount:4                 ; medium number of samples when gathering]]
[2020.10.15-09.56.24:763][  0]LogConfig: Setting CVar [[r.DOF.Scatter.ForegroundCompositing:1    ; additive foreground scattering]]
[2020.10.15-09.56.24:763][  0]LogConfig: Setting CVar [[r.DOF.Scatter.BackgroundCompositing:2    ; additive background scattering]]
[2020.10.15-09.56.24:763][  0]LogConfig: Setting CVar [[r.DOF.Scatter.EnableBokehSettings:1      ; bokeh simulation when scattering]]
[2020.10.15-09.56.24:763][  0]LogConfig: Setting CVar [[r.DOF.Scatter.MaxSpriteRatio:0.1         ; only a maximum of 10% of scattered bokeh]]
[2020.10.15-09.56.24:763][  0]LogConfig: Setting CVar [[r.DOF.Recombine.Quality:1                ; cheap slight out of focus]]
[2020.10.15-09.56.24:763][  0]LogConfig: Setting CVar [[r.DOF.Recombine.EnableBokehSettings:0    ; no bokeh simulation on slight out of focus]]
[2020.10.15-09.56.24:763][  0]LogConfig: Setting CVar [[r.DOF.TemporalAAQuality:1                ; more stable temporal accumulation]]
[2020.10.15-09.56.24:763][  0]LogConfig: Setting CVar [[r.DOF.Kernel.MaxForegroundRadius:0.025]]
[2020.10.15-09.56.24:763][  0]LogConfig: Setting CVar [[r.DOF.Kernel.MaxBackgroundRadius:0.025]]
[2020.10.15-09.56.24:763][  0]LogConfig: Applying CVar settings from Section [TextureQuality@3] File [E:/UE4 project/TPS1/Saved/Config/Windows/Scalability.ini]
[2020.10.15-09.56.24:763][  0]LogConfig: Setting CVar [[r.Streaming.MipBias:0]]
[2020.10.15-09.56.24:763][  0]LogConfig: Setting CVar [[r.Streaming.AmortizeCPUToGPUCopy:0]]
[2020.10.15-09.56.24:763][  0]LogConfig: Setting CVar [[r.Streaming.MaxNumTexturesToStreamPerFrame:0]]
[2020.10.15-09.56.24:763][  0]LogConfig: Setting CVar [[r.Streaming.Boost:1]]
[2020.10.15-09.56.24:763][  0]LogConfig: Setting CVar [[r.MaxAnisotropy:8]]
[2020.10.15-09.56.24:763][  0]LogConfig: Setting CVar [[r.VT.MaxAnisotropy:8]]
[2020.10.15-09.56.24:764][  0]LogConfig: Setting CVar [[r.Streaming.LimitPoolSizeToVRAM:0]]
[2020.10.15-09.56.24:764][  0]LogConfig: Setting CVar [[r.Streaming.PoolSize:1000]]
[2020.10.15-09.56.24:764][  0]LogConfig: Setting CVar [[r.Streaming.MaxEffectiveScreenSize:0]]
[2020.10.15-09.56.24:764][  0]LogConfig: Applying CVar settings from Section [EffectsQuality@3] File [E:/UE4 project/TPS1/Saved/Config/Windows/Scalability.ini]
[2020.10.15-09.56.24:764][  0]LogConfig: Setting CVar [[r.TranslucencyLightingVolumeDim:64]]
[2020.10.15-09.56.24:764][  0]LogConfig: Setting CVar [[r.RefractionQuality:2]]
[2020.10.15-09.56.24:764][  0]LogConfig: Setting CVar [[r.SSR.Quality:3]]
[2020.10.15-09.56.24:764][  0]LogConfig: Setting CVar [[r.SSR.HalfResSceneColor:0]]
[2020.10.15-09.56.24:764][  0]LogConfig: Setting CVar [[r.SceneColorFormat:4]]
[2020.10.15-09.56.24:764][  0]LogConfig: Setting CVar [[r.DetailMode:2]]
[2020.10.15-09.56.24:764][  0]LogConfig: Setting CVar [[r.TranslucencyVolumeBlur:1]]
[2020.10.15-09.56.24:764][  0]LogConfig: Setting CVar [[r.MaterialQualityLevel:1 ; High quality]]
[2020.10.15-09.56.24:764][  0]LogConfig: Setting CVar [[r.SSS.Scale:1]]
[2020.10.15-09.56.24:764][  0]LogConfig: Setting CVar [[r.SSS.SampleSet:2]]
[2020.10.15-09.56.24:764][  0]LogConfig: Setting CVar [[r.SSS.Quality:1]]
[2020.10.15-09.56.24:764][  0]LogConfig: Setting CVar [[r.SSS.HalfRes:0]]
[2020.10.15-09.56.24:764][  0]LogConfig: Setting CVar [[r.SSGI.Quality:3]]
[2020.10.15-09.56.24:764][  0]LogConfig: Setting CVar [[r.EmitterSpawnRateScale:1.0]]
[2020.10.15-09.56.24:764][  0]LogConfig: Setting CVar [[r.ParticleLightQuality:2]]
[2020.10.15-09.56.24:764][  0]LogConfig: Setting CVar [[r.SkyAtmosphere.AerialPerspectiveLUT.FastApplyOnOpaque:1 ; Always have FastSkyLUT 1 in this case to avoid wrong sky]]
[2020.10.15-09.56.24:764][  0]LogConfig: Setting CVar [[r.SkyAtmosphere.AerialPerspectiveLUT.SampleCountPerSlice:1]]
[2020.10.15-09.56.24:764][  0]LogConfig: Setting CVar [[r.SkyAtmosphere.AerialPerspectiveLUT.DepthResolution:16.0]]
[2020.10.15-09.56.24:764][  0]LogConfig: Setting CVar [[r.SkyAtmosphere.FastSkyLUT:1]]
[2020.10.15-09.56.24:764][  0]LogConfig: Setting CVar [[r.SkyAtmosphere.FastSkyLUT.SampleCountMin:4.0]]
[2020.10.15-09.56.24:764][  0]LogConfig: Setting CVar [[r.SkyAtmosphere.FastSkyLUT.SampleCountMax:32.0]]
[2020.10.15-09.56.24:764][  0]LogConfig: Setting CVar [[r.SkyAtmosphere.SampleCountMin:4.0]]
[2020.10.15-09.56.24:764][  0]LogConfig: Setting CVar [[r.SkyAtmosphere.SampleCountMax:32.0]]
[2020.10.15-09.56.24:764][  0]LogConfig: Setting CVar [[r.SkyAtmosphere.TransmittanceLUT.UseSmallFormat:0]]
[2020.10.15-09.56.24:764][  0]LogConfig: Setting CVar [[r.SkyAtmosphere.TransmittanceLUT.SampleCount:10.0]]
[2020.10.15-09.56.24:764][  0]LogConfig: Setting CVar [[r.SkyAtmosphere.MultiScatteringLUT.SampleCount:15.0]]
[2020.10.15-09.56.24:764][  0]LogConfig: Applying CVar settings from Section [FoliageQuality@3] File [E:/UE4 project/TPS1/Saved/Config/Windows/Scalability.ini]
[2020.10.15-09.56.24:764][  0]LogConfig: Setting CVar [[foliage.DensityScale:1.0]]
[2020.10.15-09.56.24:764][  0]LogConfig: Setting CVar [[grass.DensityScale:1.0]]
[2020.10.15-09.56.24:764][  0]LogConfig: Applying CVar settings from Section [ShadingQuality@3] File [E:/UE4 project/TPS1/Saved/Config/Windows/Scalability.ini]
[2020.10.15-09.56.24:764][  0]LogConfig: Setting CVar [[r.HairStrands.SkyLighting.SampleCount:16]]
[2020.10.15-09.56.24:764][  0]LogConfig: Setting CVar [[r.HairStrands.SkyLighting.JitterIntegration:0]]
[2020.10.15-09.56.24:764][  0]LogConfig: Setting CVar [[r.HairStrands.SkyAO.SampleCount:16]]
[2020.10.15-09.56.24:764][  0]LogConfig: Setting CVar [[r.HairStrands.DeepShadow.SuperSampling:0]]
[2020.10.15-09.56.24:764][  0]LogConfig: Setting CVar [[r.HairStrands.VisibilityPPLL:0]]
[2020.10.15-09.56.24:764][  0]LogConfig: Setting CVar [[r.HairStrands.RasterizationScale:0.5]]
[2020.10.15-09.56.24:764][  0]LogConfig: Setting CVar [[r.HairStrands.VelocityRasterizationScale:1]]
[2020.10.15-09.56.24:764][  0]LogInit: Selected Device Profile: [Windows]
[2020.10.15-09.56.24:764][  0]LogInit: Applying CVar settings loaded from the selected device profile: [Windows]
[2020.10.15-09.56.24:764][  0]LogHAL: Display: Platform has ~ 16 GB [17023545344 / 17179869184 / 16], which maps to Larger [LargestMinGB=32, LargerMinGB=12, DefaultMinGB=8, SmallerMinGB=6, SmallestMinGB=0)
[2020.10.15-09.56.24:765][  0]LogInit: Going up to parent DeviceProfile []
[2020.10.15-09.56.24:765][  0]LogConfig: Applying CVar settings from Section [ViewDistanceQuality@3] File [E:/UE4 project/TPS1/Saved/Config/Windows/Scalability.ini]
[2020.10.15-09.56.24:765][  0]LogConfig: Setting CVar [[r.SkeletalMeshLODBias:0]]
[2020.10.15-09.56.24:765][  0]LogConfig: Setting CVar [[r.ViewDistanceScale:1.0]]
[2020.10.15-09.56.24:765][  0]LogConfig: Applying CVar settings from Section [AntiAliasingQuality@3] File [E:/UE4 project/TPS1/Saved/Config/Windows/Scalability.ini]
[2020.10.15-09.56.24:765][  0]LogConfig: Setting CVar [[r.PostProcessAAQuality:4]]
[2020.10.15-09.56.24:765][  0]LogConfig: Applying CVar settings from Section [ShadowQuality@3] File [E:/UE4 project/TPS1/Saved/Config/Windows/Scalability.ini]
[2020.10.15-09.56.24:765][  0]LogConfig: Setting CVar [[r.LightFunctionQuality:1]]
[2020.10.15-09.56.24:765][  0]LogConfig: Setting CVar [[r.ShadowQuality:5]]
[2020.10.15-09.56.24:765][  0]LogConfig: Setting CVar [[r.Shadow.CSM.MaxCascades:10]]
[2020.10.15-09.56.24:765][  0]LogConfig: Setting CVar [[r.Shadow.MaxResolution:2048]]
[2020.10.15-09.56.24:765][  0]LogConfig: Setting CVar [[r.Shadow.MaxCSMResolution:2048]]
[2020.10.15-09.56.24:765][  0]LogConfig: Setting CVar [[r.Shadow.RadiusThreshold:0.01]]
[2020.10.15-09.56.24:765][  0]LogConfig: Setting CVar [[r.Shadow.DistanceScale:1.0]]
[2020.10.15-09.56.24:765][  0]LogConfig: Setting CVar [[r.Shadow.CSM.TransitionScale:1.0]]
[2020.10.15-09.56.24:765][  0]LogConfig: Setting CVar [[r.Shadow.PreShadowResolutionFactor:1.0]]
[2020.10.15-09.56.24:765][  0]LogConfig: Setting CVar [[r.DistanceFieldShadowing:1]]
[2020.10.15-09.56.24:765][  0]LogConfig: Setting CVar [[r.DistanceFieldAO:1]]
[2020.10.15-09.56.24:765][  0]LogConfig: Setting CVar [[r.AOQuality:2]]
[2020.10.15-09.56.24:765][  0]LogConfig: Setting CVar [[r.VolumetricFog:1]]
[2020.10.15-09.56.24:765][  0]LogConfig: Setting CVar [[r.VolumetricFog.GridPixelSize:8]]
[2020.10.15-09.56.24:765][  0]LogConfig: Setting CVar [[r.VolumetricFog.GridSizeZ:128]]
[2020.10.15-09.56.24:765][  0]LogConfig: Setting CVar [[r.VolumetricFog.HistoryMissSupersampleCount:4]]
[2020.10.15-09.56.24:765][  0]LogConfig: Setting CVar [[r.LightMaxDrawDistanceScale:1]]
[2020.10.15-09.56.24:765][  0]LogConfig: Setting CVar [[r.CapsuleShadows:1]]
[2020.10.15-09.56.24:765][  0]LogConfig: Applying CVar settings from Section [PostProcessQuality@3] File [E:/UE4 project/TPS1/Saved/Config/Windows/Scalability.ini]
[2020.10.15-09.56.24:765][  0]LogConfig: Setting CVar [[r.MotionBlurQuality:4]]
[2020.10.15-09.56.24:765][  0]LogConfig: Setting CVar [[r.AmbientOcclusionMipLevelFactor:0.4]]
[2020.10.15-09.56.24:765][  0]LogConfig: Setting CVar [[r.AmbientOcclusionMaxQuality:100]]
[2020.10.15-09.56.24:765][  0]LogConfig: Setting CVar [[r.AmbientOcclusionLevels:-1]]
[2020.10.15-09.56.24:765][  0]LogConfig: Setting CVar [[r.AmbientOcclusionRadiusScale:1.0]]
[2020.10.15-09.56.24:765][  0]LogConfig: Setting CVar [[r.DepthOfFieldQuality:2]]
[2020.10.15-09.56.24:765][  0]LogConfig: Setting CVar [[r.RenderTargetPoolMin:400]]
[2020.10.15-09.56.24:765][  0]LogConfig: Setting CVar [[r.LensFlareQuality:2]]
[2020.10.15-09.56.24:765][  0]LogConfig: Setting CVar [[r.SceneColorFringeQuality:1]]
[2020.10.15-09.56.24:765][  0]LogConfig: Setting CVar [[r.EyeAdaptationQuality:2]]
[2020.10.15-09.56.24:765][  0]LogConfig: Setting CVar [[r.BloomQuality:5]]
[2020.10.15-09.56.24:765][  0]LogConfig: Setting CVar [[r.FastBlurThreshold:100]]
[2020.10.15-09.56.24:765][  0]LogConfig: Setting CVar [[r.Upscale.Quality:3]]
[2020.10.15-09.56.24:765][  0]LogConfig: Setting CVar [[r.Tonemapper.GrainQuantization:1]]
[2020.10.15-09.56.24:765][  0]LogConfig: Setting CVar [[r.LightShaftQuality:1]]
[2020.10.15-09.56.24:765][  0]LogConfig: Setting CVar [[r.Filter.SizeScale:1]]
[2020.10.15-09.56.24:765][  0]LogConfig: Setting CVar [[r.Tonemapper.Quality:5]]
[2020.10.15-09.56.24:765][  0]LogConfig: Setting CVar [[r.DOF.Gather.AccumulatorQuality:1        ; higher gathering accumulator quality]]
[2020.10.15-09.56.24:765][  0]LogConfig: Setting CVar [[r.DOF.Gather.PostfilterMethod:1          ; Median3x3 postfilering method]]
[2020.10.15-09.56.24:765][  0]LogConfig: Setting CVar [[r.DOF.Gather.EnableBokehSettings:0       ; no bokeh simulation when gathering]]
[2020.10.15-09.56.24:765][  0]LogConfig: Setting CVar [[r.DOF.Gather.RingCount:4                 ; medium number of samples when gathering]]
[2020.10.15-09.56.24:765][  0]LogConfig: Setting CVar [[r.DOF.Scatter.ForegroundCompositing:1    ; additive foreground scattering]]
[2020.10.15-09.56.24:765][  0]LogConfig: Setting CVar [[r.DOF.Scatter.BackgroundCompositing:2    ; additive background scattering]]
[2020.10.15-09.56.24:765][  0]LogConfig: Setting CVar [[r.DOF.Scatter.EnableBokehSettings:1      ; bokeh simulation when scattering]]
[2020.10.15-09.56.24:766][  0]LogConfig: Setting CVar [[r.DOF.Scatter.MaxSpriteRatio:0.1         ; only a maximum of 10% of scattered bokeh]]
[2020.10.15-09.56.24:766][  0]LogConfig: Setting CVar [[r.DOF.Recombine.Quality:1                ; cheap slight out of focus]]
[2020.10.15-09.56.24:766][  0]LogConfig: Setting CVar [[r.DOF.Recombine.EnableBokehSettings:0    ; no bokeh simulation on slight out of focus]]
[2020.10.15-09.56.24:766][  0]LogConfig: Setting CVar [[r.DOF.TemporalAAQuality:1                ; more stable temporal accumulation]]
[2020.10.15-09.56.24:766][  0]LogConfig: Setting CVar [[r.DOF.Kernel.MaxForegroundRadius:0.025]]
[2020.10.15-09.56.24:766][  0]LogConfig: Setting CVar [[r.DOF.Kernel.MaxBackgroundRadius:0.025]]
[2020.10.15-09.56.24:766][  0]LogConfig: Applying CVar settings from Section [TextureQuality@3] File [E:/UE4 project/TPS1/Saved/Config/Windows/Scalability.ini]
[2020.10.15-09.56.24:766][  0]LogConfig: Setting CVar [[r.Streaming.MipBias:0]]
[2020.10.15-09.56.24:766][  0]LogConfig: Setting CVar [[r.Streaming.AmortizeCPUToGPUCopy:0]]
[2020.10.15-09.56.24:766][  0]LogConfig: Setting CVar [[r.Streaming.MaxNumTexturesToStreamPerFrame:0]]
[2020.10.15-09.56.24:766][  0]LogConfig: Setting CVar [[r.Streaming.Boost:1]]
[2020.10.15-09.56.24:766][  0]LogConfig: Setting CVar [[r.MaxAnisotropy:8]]
[2020.10.15-09.56.24:766][  0]LogConfig: Setting CVar [[r.VT.MaxAnisotropy:8]]
[2020.10.15-09.56.24:766][  0]LogConfig: Setting CVar [[r.Streaming.LimitPoolSizeToVRAM:0]]
[2020.10.15-09.56.24:766][  0]LogConfig: Setting CVar [[r.Streaming.PoolSize:1000]]
[2020.10.15-09.56.24:766][  0]LogConfig: Setting CVar [[r.Streaming.MaxEffectiveScreenSize:0]]
[2020.10.15-09.56.24:766][  0]LogConfig: Applying CVar settings from Section [EffectsQuality@3] File [E:/UE4 project/TPS1/Saved/Config/Windows/Scalability.ini]
[2020.10.15-09.56.24:766][  0]LogConfig: Setting CVar [[r.TranslucencyLightingVolumeDim:64]]
[2020.10.15-09.56.24:766][  0]LogConfig: Setting CVar [[r.RefractionQuality:2]]
[2020.10.15-09.56.24:766][  0]LogConfig: Setting CVar [[r.SSR.Quality:3]]
[2020.10.15-09.56.24:766][  0]LogConfig: Setting CVar [[r.SSR.HalfResSceneColor:0]]
[2020.10.15-09.56.24:766][  0]LogConfig: Setting CVar [[r.SceneColorFormat:4]]
[2020.10.15-09.56.24:766][  0]LogConfig: Setting CVar [[r.DetailMode:2]]
[2020.10.15-09.56.24:766][  0]LogConfig: Setting CVar [[r.TranslucencyVolumeBlur:1]]
[2020.10.15-09.56.24:766][  0]LogConfig: Setting CVar [[r.MaterialQualityLevel:1 ; High quality]]
[2020.10.15-09.56.24:766][  0]LogConfig: Setting CVar [[r.SSS.Scale:1]]
[2020.10.15-09.56.24:766][  0]LogConfig: Setting CVar [[r.SSS.SampleSet:2]]
[2020.10.15-09.56.24:766][  0]LogConfig: Setting CVar [[r.SSS.Quality:1]]
[2020.10.15-09.56.24:766][  0]LogConfig: Setting CVar [[r.SSS.HalfRes:0]]
[2020.10.15-09.56.24:766][  0]LogConfig: Setting CVar [[r.SSGI.Quality:3]]
[2020.10.15-09.56.24:766][  0]LogConfig: Setting CVar [[r.EmitterSpawnRateScale:1.0]]
[2020.10.15-09.56.24:766][  0]LogConfig: Setting CVar [[r.ParticleLightQuality:2]]
[2020.10.15-09.56.24:766][  0]LogConfig: Setting CVar [[r.SkyAtmosphere.AerialPerspectiveLUT.FastApplyOnOpaque:1 ; Always have FastSkyLUT 1 in this case to avoid wrong sky]]
[2020.10.15-09.56.24:766][  0]LogConfig: Setting CVar [[r.SkyAtmosphere.AerialPerspectiveLUT.SampleCountPerSlice:1]]
[2020.10.15-09.56.24:766][  0]LogConfig: Setting CVar [[r.SkyAtmosphere.AerialPerspectiveLUT.DepthResolution:16.0]]
[2020.10.15-09.56.24:766][  0]LogConfig: Setting CVar [[r.SkyAtmosphere.FastSkyLUT:1]]
[2020.10.15-09.56.24:766][  0]LogConfig: Setting CVar [[r.SkyAtmosphere.FastSkyLUT.SampleCountMin:4.0]]
[2020.10.15-09.56.24:766][  0]LogConfig: Setting CVar [[r.SkyAtmosphere.FastSkyLUT.SampleCountMax:32.0]]
[2020.10.15-09.56.24:766][  0]LogConfig: Setting CVar [[r.SkyAtmosphere.SampleCountMin:4.0]]
[2020.10.15-09.56.24:766][  0]LogConfig: Setting CVar [[r.SkyAtmosphere.SampleCountMax:32.0]]
[2020.10.15-09.56.24:766][  0]LogConfig: Setting CVar [[r.SkyAtmosphere.TransmittanceLUT.UseSmallFormat:0]]
[2020.10.15-09.56.24:766][  0]LogConfig: Setting CVar [[r.SkyAtmosphere.TransmittanceLUT.SampleCount:10.0]]
[2020.10.15-09.56.24:766][  0]LogConfig: Setting CVar [[r.SkyAtmosphere.MultiScatteringLUT.SampleCount:15.0]]
[2020.10.15-09.56.24:766][  0]LogConfig: Applying CVar settings from Section [FoliageQuality@3] File [E:/UE4 project/TPS1/Saved/Config/Windows/Scalability.ini]
[2020.10.15-09.56.24:766][  0]LogConfig: Setting CVar [[foliage.DensityScale:1.0]]
[2020.10.15-09.56.24:766][  0]LogConfig: Setting CVar [[grass.DensityScale:1.0]]
[2020.10.15-09.56.24:766][  0]LogConfig: Applying CVar settings from Section [ShadingQuality@3] File [E:/UE4 project/TPS1/Saved/Config/Windows/Scalability.ini]
[2020.10.15-09.56.24:766][  0]LogConfig: Setting CVar [[r.HairStrands.SkyLighting.SampleCount:16]]
[2020.10.15-09.56.24:766][  0]LogConfig: Setting CVar [[r.HairStrands.SkyLighting.JitterIntegration:0]]
[2020.10.15-09.56.24:766][  0]LogConfig: Setting CVar [[r.HairStrands.SkyAO.SampleCount:16]]
[2020.10.15-09.56.24:766][  0]LogConfig: Setting CVar [[r.HairStrands.DeepShadow.SuperSampling:0]]
[2020.10.15-09.56.24:766][  0]LogConfig: Setting CVar [[r.HairStrands.VisibilityPPLL:0]]
[2020.10.15-09.56.24:766][  0]LogConfig: Setting CVar [[r.HairStrands.RasterizationScale:0.5]]
[2020.10.15-09.56.24:766][  0]LogConfig: Setting CVar [[r.HairStrands.VelocityRasterizationScale:1]]
[2020.10.15-09.56.24:766][  0]LogConfig: Applying CVar settings from Section [Startup] File [../../../Engine/Config/ConsoleVariables.ini]
[2020.10.15-09.56.24:767][  0]LogConfig: Setting CVar [[net.UseAdaptiveNetUpdateFrequency:0]]
[2020.10.15-09.56.24:767][  0]LogConfig: Setting CVar [[p.chaos.AllowCreatePhysxBodies:1]]
[2020.10.15-09.56.24:767][  0]LogConfig: Setting CVar [[fx.SkipVectorVMBackendOptimizations:1]]
[2020.10.15-09.56.24:767][  0]LogConfig: Applying CVar settings from Section [ConsoleVariables] File [E:/UE4 project/TPS1/Saved/Config/Windows/Engine.ini]
[2020.10.15-09.56.24:767][  0]LogInit: Computer: LAPTOP-KOO4PQC5
[2020.10.15-09.56.24:767][  0]LogInit: User: sakura
[2020.10.15-09.56.24:767][  0]LogInit: CPU Page size=4096, Cores=6
[2020.10.15-09.56.24:767][  0]LogInit: High frequency timer resolution =10.000000 MHz
[2020.10.15-09.56.24:767][  0]LogMemory: Memory total: Physical=15.9GB (16GB approx)
[2020.10.15-09.56.24:767][  0]LogMemory: Platform Memory Stats for Windows
[2020.10.15-09.56.24:767][  0]LogMemory: Process Physical Memory: 117.64 MB used, 117.64 MB peak
[2020.10.15-09.56.24:767][  0]LogMemory: Process Virtual Memory: 99.84 MB used, 99.84 MB peak
[2020.10.15-09.56.24:767][  0]LogMemory: Physical Memory: 8641.83 MB used,  7593.09 MB free, 16234.92 MB total
[2020.10.15-09.56.24:767][  0]LogMemory: Virtual Memory: 5184.37 MB used,  134212544.00 MB free, 134217728.00 MB total
[2020.10.15-09.56.25:384][  0]LogWindows: WindowsPlatformFeatures enabled
[2020.10.15-09.56.25:419][  0]LogInit: Physics initialised using underlying interface: PhysX
[2020.10.15-09.56.25:419][  0]LogInit: Using OS detected language (zh-CN).
[2020.10.15-09.56.25:419][  0]LogInit: Using OS detected locale (zh-CN).
[2020.10.15-09.56.25:421][  0]LogTextLocalizationManager: No specific localization for 'zh-CN' exists, so the 'zh-Hans' localization will be used.
[2020.10.15-09.56.25:527][  0]LogTextLocalizationResource: LocRes '../../../Engine/Content/Localization/Editor/zh/Editor.locres' could not be opened for reading!
[2020.10.15-09.56.25:527][  0]LogTextLocalizationResource: LocRes '../../../Engine/Content/Localization/EditorTutorials/zh/EditorTutorials.locres' could not be opened for reading!
[2020.10.15-09.56.25:528][  0]LogTextLocalizationResource: LocRes '../../../Engine/Content/Localization/Keywords/zh/Keywords.locres' could not be opened for reading!
[2020.10.15-09.56.25:528][  0]LogTextLocalizationResource: LocRes '../../../Engine/Content/Localization/Category/zh/Category.locres' could not be opened for reading!
[2020.10.15-09.56.25:528][  0]LogTextLocalizationResource: LocRes '../../../Engine/Content/Localization/ToolTips/zh/ToolTips.locres' could not be opened for reading!
[2020.10.15-09.56.25:528][  0]LogTextLocalizationResource: LocRes '../../../Engine/Content/Localization/PropertyNames/zh/PropertyNames.locres' could not be opened for reading!
[2020.10.15-09.56.25:528][  0]LogTextLocalizationResource: LocRes '../../../Engine/Content/Localization/Engine/zh/Engine.locres' could not be opened for reading!
[2020.10.15-09.56.25:528][  0]LogTextLocalizationResource: LocRes '../../../Engine/Plugins/Online/Android/OnlineSubsystemGooglePlay/Content/Localization/OnlineSubsystemGooglePlay/zh/OnlineSubsystemGooglePlay.locres' could not be opened for reading!
[2020.10.15-09.56.25:528][  0]LogTextLocalizationResource: LocRes '../../../Engine/Plugins/Online/IOS/OnlineSubsystemIOS/Content/Localization/OnlineSubsystemIOS/zh/OnlineSubsystemIOS.locres' could not be opened for reading!
[2020.10.15-09.56.25:528][  0]LogTextLocalizationResource: LocRes '../../../Engine/Plugins/Online/OnlineSubsystem/Content/Localization/OnlineSubsystem/zh/OnlineSubsystem.locres' could not be opened for reading!
[2020.10.15-09.56.25:528][  0]LogTextLocalizationResource: LocRes '../../../Engine/Plugins/Online/OnlineSubsystemUtils/Content/Localization/OnlineSubsystemUtils/zh/OnlineSubsystemUtils.locres' could not be opened for reading!
[2020.10.15-09.56.25:583][  0]LogInit: Setting process to per monitor DPI aware
[2020.10.15-09.56.25:647][  0]LogSlate: New Slate User Created.  User Index 0, Is Virtual User: 0
[2020.10.15-09.56.25:647][  0]LogSlate: Slate User Registered.  User Index 0, Is Virtual User: 0
[2020.10.15-09.56.25:819][  0]LogHMD: Failed to initialize OpenVR with code 110
[2020.10.15-09.56.25:819][  0]LogD3D11RHI: D3D11 min allowed feature level: 11_0
[2020.10.15-09.56.25:819][  0]LogD3D11RHI: D3D11 max allowed feature level: 11_0
[2020.10.15-09.56.25:819][  0]LogD3D11RHI: D3D11 adapters:
[2020.10.15-09.56.25:900][  0]LogD3D11RHI:    0. 'NVIDIA GeForce GTX 1070' (Feature Level 11_0)
[2020.10.15-09.56.25:900][  0]LogD3D11RHI:       8081/0/8117 MB DedicatedVideo/DedicatedSystem/SharedSystem, Outputs:1, VendorId:0x10de
[2020.10.15-09.56.25:912][  0]LogD3D11RHI:    1. 'Intel(R) UHD Graphics 630' (Feature Level 11_0)
[2020.10.15-09.56.25:912][  0]LogD3D11RHI:       128/0/8117 MB DedicatedVideo/DedicatedSystem/SharedSystem, Outputs:0, VendorId:0x8086
[2020.10.15-09.56.25:916][  0]LogD3D11RHI:    2. 'Microsoft Basic Render Driver' (Feature Level 11_0)
[2020.10.15-09.56.25:916][  0]LogD3D11RHI:       0/0/8117 MB DedicatedVideo/DedicatedSystem/SharedSystem, Outputs:0, VendorId:0x1414
[2020.10.15-09.56.25:916][  0]LogD3D11RHI: Chosen D3D11 Adapter: 0
[2020.10.15-09.56.25:957][  0]LogD3D11RHI: Creating new Direct3DDevice
[2020.10.15-09.56.25:958][  0]LogD3D11RHI:     GPU DeviceId: 0x1ba1 (for the marketing name, search the web for "GPU Device Id")
[2020.10.15-09.56.25:958][  0]LogWindows: EnumDisplayDevices:
[2020.10.15-09.56.25:958][  0]LogWindows:    0. 'Intel(R) UHD Graphics 630' (P:1 D:1)
[2020.10.15-09.56.25:958][  0]LogWindows:    1. 'Intel(R) UHD Graphics 630' (P:0 D:0)
[2020.10.15-09.56.25:958][  0]LogWindows:    2. 'Intel(R) UHD Graphics 630' (P:0 D:0)
[2020.10.15-09.56.25:959][  0]LogWindows:    3. 'NVIDIA GeForce GTX 1070' (P:0 D:0)
[2020.10.15-09.56.25:959][  0]LogWindows:    4. 'NVIDIA GeForce GTX 1070' (P:0 D:0)
[2020.10.15-09.56.25:959][  0]LogWindows:    5. 'NVIDIA GeForce GTX 1070' (P:0 D:0)
[2020.10.15-09.56.25:959][  0]LogWindows:    6. 'NVIDIA GeForce GTX 1070' (P:0 D:0)
[2020.10.15-09.56.25:960][  0]LogWindows: DebugString: PrimaryIsNotTheChoosenAdapter PrimaryIsNotTheChoosenAdapter PrimaryIsNotTheChoosenAdapter FoundDriverCount:4 
[2020.10.15-09.56.25:960][  0]LogD3D11RHI:     Adapter Name: NVIDIA GeForce GTX 1070
[2020.10.15-09.56.25:960][  0]LogD3D11RHI:   Driver Version: 416.16 (internal:25.21.14.1616, unified:416.16)
[2020.10.15-09.56.25:960][  0]LogD3D11RHI:      Driver Date: 10-2-2018
[2020.10.15-09.56.25:960][  0]LogRHI: Texture pool is 5656 MB (70% of 8081 MB)
[2020.10.15-09.56.26:012][  0]LogD3D11RHI: RHI has support for 64 bit atomics
[2020.10.15-09.56.26:013][  0]LogD3D11RHI: [Aftermath] Enabled and primed
[2020.10.15-09.56.26:013][  0]LogD3D11RHI: Async texture creation enabled
[2020.10.15-09.56.26:013][  0]LogD3D11RHI: Array index from any shader is supported
[2020.10.15-09.56.26:052][  0]LogD3D11RHI: GPU Timing Frequency: 1000.000000 (Debug: 2 2)
[2020.10.15-09.56.26:400][  0]LogTargetPlatformManager: Display: Loaded TargetPlatform 'AllDesktop'
[2020.10.15-09.56.26:421][  0]LogTargetPlatformManager: Display: Loaded TargetPlatform 'Android'
[2020.10.15-09.56.26:421][  0]LogTargetPlatformManager: Display: Loaded TargetPlatform 'Android_ASTC'
[2020.10.15-09.56.26:421][  0]LogTargetPlatformManager: Display: Loaded TargetPlatform 'Android_DXT'
[2020.10.15-09.56.26:421][  0]LogTargetPlatformManager: Display: Loaded TargetPlatform 'Android_ETC2'
[2020.10.15-09.56.26:421][  0]LogTargetPlatformManager: Display: Loaded TargetPlatform 'AndroidClient'
[2020.10.15-09.56.26:421][  0]LogTargetPlatformManager: Display: Loaded TargetPlatform 'Android_ASTCClient'
[2020.10.15-09.56.26:421][  0]LogTargetPlatformManager: Display: Loaded TargetPlatform 'Android_DXTClient'
[2020.10.15-09.56.26:421][  0]LogTargetPlatformManager: Display: Loaded TargetPlatform 'Android_ETC2Client'
[2020.10.15-09.56.26:421][  0]LogTargetPlatformManager: Display: Loaded TargetPlatform 'Android_Multi'
[2020.10.15-09.56.26:421][  0]LogTargetPlatformManager: Display: Loaded TargetPlatform 'Android_MultiClient'
[2020.10.15-09.56.26:444][  0]LogTargetPlatformManager: Display: Loaded TargetPlatform 'IOSClient'
[2020.10.15-09.56.26:444][  0]LogTargetPlatformManager: Display: Loaded TargetPlatform 'IOS'
[2020.10.15-09.56.26:453][  0]LogTargetPlatformManager: Display: Loaded TargetPlatform 'Linux'
[2020.10.15-09.56.26:462][  0]LogTargetPlatformManager: Display: Loaded TargetPlatform 'LinuxNoEditor'
[2020.10.15-09.56.26:471][  0]LogTargetPlatformManager: Display: Loaded TargetPlatform 'LinuxClient'
[2020.10.15-09.56.26:479][  0]LogTargetPlatformManager: Display: Loaded TargetPlatform 'LinuxServer'
[2020.10.15-09.56.26:487][  0]LogTargetPlatformManager: Display: Loaded TargetPlatform 'LinuxAArch64NoEditor'
[2020.10.15-09.56.26:496][  0]LogTargetPlatformManager: Display: Loaded TargetPlatform 'LinuxAArch64Client'
[2020.10.15-09.56.26:504][  0]LogTargetPlatformManager: Display: Loaded TargetPlatform 'LinuxAArch64Server'
[2020.10.15-09.56.26:529][  0]LogTargetPlatformManager: Display: Loaded TargetPlatform 'Lumin'
[2020.10.15-09.56.26:529][  0]LogTargetPlatformManager: Display: Loaded TargetPlatform 'LuminClient'
[2020.10.15-09.56.26:543][  0]LogTargetPlatformManager: Display: Loaded TargetPlatform 'TVOSClient'
[2020.10.15-09.56.26:543][  0]LogTargetPlatformManager: Display: Loaded TargetPlatform 'TVOS'
[2020.10.15-09.56.26:552][  0]LogTargetPlatformManager: Display: Loaded TargetPlatform 'WindowsNoEditor'
[2020.10.15-09.56.26:562][  0]LogTargetPlatformManager: Display: Loaded TargetPlatform 'Windows'
[2020.10.15-09.56.26:570][  0]LogTargetPlatformManager: Display: Loaded TargetPlatform 'WindowsClient'
[2020.10.15-09.56.26:581][  0]LogTargetPlatformManager: Display: Loaded TargetPlatform 'WindowsServer'
[2020.10.15-09.56.26:582][  0]LogTargetPlatformManager: Display: Building Assets For Windows
[2020.10.15-09.56.26:594][  0]LogAudioDebug: Display: Lib vorbis DLL was dynamically loaded.
[2020.10.15-09.56.26:666][  0]LogShaderCompilers: Guid format shader working directory is 27 characters bigger than the processId version (E:/UE4 project/TPS1/Intermediate/Shaders/WorkingDirectory/17808/).
[2020.10.15-09.56.26:666][  0]LogShaderCompilers: Cleaned the shader compiler working directory 'C:/Users/sakura/AppData/Local/Temp/UnrealShaderWorkingDir/B6B74AA942232814B99B8B94FAAFD79C/'.
[2020.10.15-09.56.26:666][  0]LogXGEController: Cannot use XGE Controller as Incredibuild is not installed on this machine.
[2020.10.15-09.56.26:666][  0]LogShaderCompilers: Cannot use XGE Shader Compiler as Incredibuild is not installed on this machine.
[2020.10.15-09.56.26:666][  0]LogShaderCompilers: Display: Using Local Shader Compiler.
[2020.10.15-09.56.27:355][  0]LogDerivedDataCache: Display: Max Cache Size: 512 MB
[2020.10.15-09.56.27:411][  0]LogDerivedDataCache: Loaded boot cache 0.06s 79MB C:/Users/sakura/AppData/Local/UnrealEngine/4.25/DerivedDataCache/Boot.ddc.
[2020.10.15-09.56.27:411][  0]LogDerivedDataCache: Display: Loaded Boot cache: C:/Users/sakura/AppData/Local/UnrealEngine/4.25/DerivedDataCache/Boot.ddc
[2020.10.15-09.56.27:411][  0]LogDerivedDataCache: FDerivedDataBackendGraph:  Pak pak cache file E:/UE4 project/TPS1/DerivedDataCache/DDC.ddp not found, will not use a pak cache.
[2020.10.15-09.56.27:411][  0]LogDerivedDataCache: Unable to find inner node Pak for hierarchical cache Hierarchy.
[2020.10.15-09.56.27:411][  0]LogDerivedDataCache: FDerivedDataBackendGraph:  CompressedPak pak cache file E:/UE4 project/TPS1/DerivedDataCache/Compressed.ddp not found, will not use a pak cache.
[2020.10.15-09.56.27:411][  0]LogDerivedDataCache: Unable to find inner node CompressedPak for hierarchical cache Hierarchy.
[2020.10.15-09.56.27:421][  0]LogDerivedDataCache: Display: Pak cache opened for reading ../../../Engine/DerivedDataCache/Compressed.ddp.
[2020.10.15-09.56.27:421][  0]LogDerivedDataCache: FDerivedDataBackendGraph:  EnterprisePak pak cache file ../../../Enterprise/DerivedDataCache/Compressed.ddp not found, will not use a pak cache.
[2020.10.15-09.56.27:421][  0]LogDerivedDataCache: Unable to find inner node EnterprisePak for hierarchical cache Hierarchy.
[2020.10.15-09.56.27:423][  0]LogDerivedDataCache: Using Local data cache path C:/Users/sakura/AppData/Local/UnrealEngine/Common/DerivedDataCache: Writable
[2020.10.15-09.56.27:423][  0]LogDerivedDataCache: Shared data cache path not found in *engine.ini, will not use an Shared cache.
[2020.10.15-09.56.27:423][  0]LogDerivedDataCache: Unable to find inner node Shared for hierarchical cache Hierarchy.
[2020.10.15-09.56.27:471][  0]LogSlate: Using FreeType 2.10.0
[2020.10.15-09.56.27:471][  0]LogSlate: SlateFontServices - WITH_FREETYPE: 1, WITH_HARFBUZZ: 1
[2020.10.15-09.56.27:499][  0]LogAssetRegistry: FAssetRegistry took 0.0023 seconds to start up
[2020.10.15-09.56.27:708][  0]LogInit: Selected Device Profile: [Windows]
[2020.10.15-09.56.27:815][  0]LogMeshReduction: Using QuadricMeshReduction for automatic static mesh reduction
[2020.10.15-09.56.27:815][  0]LogMeshReduction: Using SimplygonMeshReduction for automatic skeletal mesh reduction
[2020.10.15-09.56.27:815][  0]LogMeshReduction: Using ProxyLODMeshReduction for automatic mesh merging
[2020.10.15-09.56.27:815][  0]LogMeshReduction: No distributed automatic mesh merging module available
[2020.10.15-09.56.27:815][  0]LogMeshMerging: No distributed automatic mesh merging module available
[2020.10.15-09.56.27:829][  0]LogNetVersion: TPS1 1.0.0, NetCL: 13144385, EngineNetVer: 14, GameNetVer: 0 (Checksum: 2478161513)
[2020.10.15-09.56.28:249][  0]LogAISub: UAISubsystem::UAISubsystem AISubsystem (00000165AA758400), frame # 0
[2020.10.15-09.56.28:249][  0]LogAISub: UAISubsystem::UAISubsystem AIPerceptionSystem (00000165AA68D1C0), frame # 0
[2020.10.15-09.56.28:251][  0]LogAISub: UAISubsystem::UAISubsystem EnvQueryManager (00000165AA6E1E00), frame # 0
[2020.10.15-09.56.28:372][  0]LogPackageLocalizationCache: Processed 19 localized package path(s) for 2 prioritized culture(s) in 0.114897 seconds
[2020.10.15-09.56.28:377][  0]LogUObjectArray: 15917 objects as part of root set at end of initial load.
[2020.10.15-09.56.28:377][  0]LogUObjectAllocator: 3965568 out of 0 bytes used by permanent object pool.
[2020.10.15-09.56.28:377][  0]LogUObjectArray: CloseDisregardForGC: 0/0 objects in disregard for GC pool
[2020.10.15-09.56.28:717][  0]LogTcpMessaging: Initializing TcpMessaging bridge
[2020.10.15-09.56.28:722][  0]LogUdpMessaging: Initializing bridge on interface 0.0.0.0:0 to multicast group 230.0.0.1:6666.
[2020.10.15-09.56.30:795][  0]SourceControl: 源码管理已禁用
[2020.10.15-09.56.30:796][  0]SourceControl: 源码管理已禁用
[2020.10.15-09.56.30:799][  0]SourceControl: 源码管理已禁用
[2020.10.15-09.56.30:802][  0]SourceControl: 源码管理已禁用
[2020.10.15-09.56.30:810][  0]SourceControl: 源码管理已禁用
[2020.10.15-09.56.31:071][  0]LogAndroidPermission: UAndroidPermissionCallbackProxy::GetInstance
[2020.10.15-09.56.31:094][  0]LogAudioCaptureCore: Display: No Audio Capture implementations found. Audio input will be silent.
[2020.10.15-09.56.31:094][  0]LogAudioCaptureCore: Display: No Audio Capture implementations found. Audio input will be silent.
[2020.10.15-09.56.31:144][  0]LogOcInput: OculusInput pre-init called
[2020.10.15-09.56.31:155][  0]LogWindows: Failed to load 'OVRPlugin.dll' (GetLastError=126)
[2020.10.15-09.56.31:155][  0]LogWindows: File 'OVRPlugin.dll' does not exist
[2020.10.15-09.56.31:221][  0]LogEngine: Initializing Engine...
[2020.10.15-09.56.31:223][  0]LogHMD: Failed to initialize OpenVR with code 110
[2020.10.15-09.56.31:223][  0]LogMagicLeap: Warning: VR disabled because ZI is not enabled.  To enable, in the editor, Edit -> Project Settings -> Plugins -> Magic Leap Plugin -> Enable Zero Iteration
[2020.10.15-09.56.31:224][  0]LogStats: UGameplayTagsManager::InitializeManager -  0.000 s
[2020.10.15-09.56.31:353][  0]LogInit: Initializing FReadOnlyCVARCache
[2020.10.15-09.56.31:365][  0]LogAIModule: Creating AISystem for world Untitled
[2020.10.15-09.56.31:365][  0]LogAISub: UAISubsystem::UAISubsystem EnvQueryManager (00000165B3A3FC00), frame # 0
[2020.10.15-09.56.31:365][  0]LogAISub: UAISubsystem::UAISubsystem AIPerceptionSystem (00000165B3A82980), frame # 0
[2020.10.15-09.56.31:377][  0]LogAudioMixer: Display: Audio Mixer Platform Settings:
[2020.10.15-09.56.31:377][  0]LogAudioMixer: Display: 	Sample Rate:						  48000
[2020.10.15-09.56.31:377][  0]LogAudioMixer: Display: 	Callback Buffer Frame Size Requested: 1024
[2020.10.15-09.56.31:377][  0]LogAudioMixer: Display: 	Callback Buffer Frame Size To Use:	  1024
[2020.10.15-09.56.31:377][  0]LogAudioMixer: Display: 	Number of buffers to queue:			  2
[2020.10.15-09.56.31:377][  0]LogAudioMixer: Display: 	Max Channels (voices):				  32
[2020.10.15-09.56.31:377][  0]LogAudioMixer: Display: 	Number of Async Source Workers:		  0
[2020.10.15-09.56.31:377][  0]LogAudio: Display: AudioDevice MaxSources: 32
[2020.10.15-09.56.31:377][  0]LogAudio: Display: Using built-in audio occlusion.
[2020.10.15-09.56.31:377][  0]LogAudioMixer: Display: Initializing audio mixer.
[2020.10.15-09.56.31:385][  0]LogAudioMixer: Display: 0: FrontLeft
[2020.10.15-09.56.31:385][  0]LogAudioMixer: Display: 1: FrontRight
[2020.10.15-09.56.31:385][  0]LogAudioMixer: Display: 2: FrontCenter
[2020.10.15-09.56.31:385][  0]LogAudioMixer: Display: 3: LowFrequency
[2020.10.15-09.56.31:385][  0]LogAudioMixer: Display: 4: BackLeft
[2020.10.15-09.56.31:385][  0]LogAudioMixer: Display: 5: BackRight
[2020.10.15-09.56.31:385][  0]LogAudioMixer: Display: 6: SideLeft
[2020.10.15-09.56.31:385][  0]LogAudioMixer: Display: 7: SideRight
[2020.10.15-09.56.31:609][  0]LogAudioMixer: Display: Using Audio Device 扬声器 (Realtek High Definition Audio)
[2020.10.15-09.56.31:611][  0]LogAudioMixer: Display: Initializing Sound Submixes...
[2020.10.15-09.56.31:613][  0]LogAudioMixer: Display: Creating Master Submix 'MasterSubmixDefault'
[2020.10.15-09.56.31:613][  0]LogAudioMixer: Display: Creating Master Submix 'MasterReverbSubmixDefault'
[2020.10.15-09.56.31:614][  0]LogAudioMixer: Display: Creating Master Submix 'MasterEQSubmixDefault'
[2020.10.15-09.56.31:615][  0]LogInit: FAudioDevice initialized.
[2020.10.15-09.56.31:615][  0]LogNetVersion: Set ProjectVersion to 1.0.0.0. Version Checksum will be recalculated on next use.
[2020.10.15-09.56.31:667][  0]LogDerivedDataCache: Saved boot cache 0.05s 77MB C:/Users/sakura/AppData/Local/UnrealEngine/4.25/DerivedDataCache/Boot.ddc.
[2020.10.15-09.56.31:669][  0]LogInit: Texture streaming: Enabled
[2020.10.15-09.56.31:686][  0]LogEngineSessionManager: EngineSessionManager initialized
[2020.10.15-09.56.31:686][  0]LogEditorSessionSummary: Verbose: Initializing EditorSessionSummaryWriter for editor session tracking
[2020.10.15-09.56.31:692][  0]LogEditorSessionSummary: EditorSessionSummaryWriter initialized
[2020.10.15-09.56.31:752][  0]LogInit: Transaction tracking system initialized
[2020.10.15-09.56.31:773][  0]BlueprintLog: New page: 编辑器加载
[2020.10.15-09.56.31:900][  0]LocalizationService: 本地化服务已禁用
[2020.10.15-09.56.32:051][  0]LogCook: Display: Max memory allowance for cook 16384mb min free memory 0mb
[2020.10.15-09.56.32:051][  0]LogCook: Display: Mobile HDR setting 1
[2020.10.15-09.56.32:182][  0]LogFileCache: Scanning file cache for directory 'E:/UE4 project/TPS1/Content/' took 0.00s
[2020.10.15-09.56.32:407][  0]SourceControl: 源码管理已禁用
[2020.10.15-09.56.32:409][  0]LogUnrealEdMisc: Loading editor; pre map load, took 9.448
[2020.10.15-09.56.32:409][  0]Cmd: MAP LOAD FILE="E:/UE4 project/TPS1/Content/ThirdPersonCPP/Maps/ThirdPersonExampleMap.umap" TEMPLATE=0 SHOWPROGRESS=1 FEATURELEVEL=3
[2020.10.15-09.56.32:445][  0]LightingResults: New page: 光照构建
[2020.10.15-09.56.32:445][  0]LogWorld: UWorld::CleanupWorld for Untitled, bSessionEnded=true, bCleanupResources=true
[2020.10.15-09.56.32:445][  0]LogSlate: InvalidateAllWidgets triggered.  All widgets were invalidated
[2020.10.15-09.56.32:445][  0]MapCheck: New page: 地图检测
[2020.10.15-09.56.32:445][  0]LightingResults: New page: 光照构建
[2020.10.15-09.56.32:456][  0]LogAISub: UAISubsystem::~UAISubsystem EnvQueryManager (00000165B3A3FC00), frame # 0
[2020.10.15-09.56.32:456][  0]LogAISub: UAISubsystem::~UAISubsystem AIPerceptionSystem (00000165B3A82980), frame # 0
[2020.10.15-09.56.32:457][  0]LogUObjectHash: Compacting FUObjectHashTables data took   0.65ms
[2020.10.15-09.56.32:778][  0]LogAIModule: Creating AISystem for world ThirdPersonExampleMap
[2020.10.15-09.56.32:778][  0]LogAISub: UAISubsystem::UAISubsystem EnvQueryManager (00000165A2727E00), frame # 0
[2020.10.15-09.56.32:778][  0]LogAISub: UAISubsystem::UAISubsystem AIPerceptionSystem (00000165B0888E00), frame # 0
[2020.10.15-09.56.32:889][  0]LogEditorServer: Finished looking for orphan Actors (0.000 secs)
[2020.10.15-09.56.32:906][  0]LogUObjectHash: Compacting FUObjectHashTables data took   0.73ms
[2020.10.15-09.56.32:906][  0]Cmd: MAP CHECKDEP NOCLEARLOG
[2020.10.15-09.56.32:906][  0]MapCheck: 地图检测完成：0个错误、0个警告、完成用时0.087毫秒。
[2020.10.15-09.56.32:906][  0]LogFileHelpers: Loading map 'ThirdPersonExampleMap' took 0.499
[2020.10.15-09.56.32:910][  0]LogUnrealEdMisc: Total Editor Startup Time, took 9.949
[2020.10.15-09.56.33:233][  0]LogSlate: Updating window title bar state: overlay mode, drag disabled, window buttons hidden, title bar hidden
[2020.10.15-09.56.33:241][  0]LogSlate: Updating window title bar state: overlay mode, drag disabled, window buttons hidden, title bar hidden
[2020.10.15-09.56.33:247][  0]LogSlate: Updating window title bar state: overlay mode, drag disabled, window buttons hidden, title bar hidden
[2020.10.15-09.56.33:253][  0]LogSlate: Updating window title bar state: overlay mode, drag disabled, window buttons hidden, title bar hidden
[2020.10.15-09.56.33:351][  0]LogCollectionManager: Loaded 0 collections in 0.000698 seconds
[2020.10.15-09.56.33:501][  0]LogFileCache: Scanning file cache for directory 'E:/UE4 project/TPS1/Saved/Collections/' took 0.00s
[2020.10.15-09.56.33:501][  0]LogFileCache: Scanning file cache for directory 'E:/UE4 project/TPS1/Content/Developers/sakura/Collections/' took 0.00s
[2020.10.15-09.56.33:501][  0]LogFileCache: Scanning file cache for directory 'E:/UE4 project/TPS1/Content/Collections/' took 0.00s
[2020.10.15-09.56.33:501][  0]LogContentBrowser: Native class hierarchy populated in 0.0114 seconds. Added 3429 classes and 823 folders.
[2020.10.15-09.56.33:559][  0]LogContentBrowser: Native class hierarchy updated for 'WidgetCarousel' in 0.0003 seconds. Added 0 classes and 0 folders.
[2020.10.15-09.56.34:037][  0]LogContentBrowser: Native class hierarchy updated for 'AddContentDialog' in 0.0003 seconds. Added 0 classes and 0 folders.
[2020.10.15-09.56.34:092][  0]LogContentBrowser: Native class hierarchy updated for 'SceneOutliner' in 0.0004 seconds. Added 2 classes and 0 folders.
[2020.10.15-09.56.34:432][  0]LogSlate: Took 0.000255 seconds to synchronously load lazily loaded font '../../../Engine/Content/Slate/Fonts/Roboto-Regular.ttf' (155K)
[2020.10.15-09.56.34:437][  0]LogSlate: Took 0.004042 seconds to synchronously load lazily loaded font '../../../Engine/Content/Slate/Fonts/DroidSansFallback.ttf' (3848K)
[2020.10.15-09.56.34:438][  0]LogSlate: Took 0.000165 seconds to synchronously load lazily loaded font '../../../Engine/Content/Slate/Fonts/Roboto-Bold.ttf' (160K)
[2020.10.15-09.56.34:455][  0]LogSlate: Took 0.010512 seconds to synchronously load lazily loaded font '../../../Engine/Content/Editor/Slate/Fonts/FontAwesome.ttf' (139K)
[2020.10.15-09.56.34:684][  0]LogRenderer: Reallocating scene render targets to support 964x432 Format 10 NumSamples 1 (Frame:1).
[2020.10.15-09.56.34:967][  0]LogContentBrowser: Native class hierarchy updated for 'HierarchicalLODOutliner' in 0.0004 seconds. Added 0 classes and 0 folders.
[2020.10.15-09.56.34:967][  0]LogLoad: (Engine Initialization) Total time: 12.01 seconds
[2020.10.15-09.56.34:967][  0]LogLoad: (Engine Initialization) Total Blueprint compile time: 0.00 seconds
[2020.10.15-09.56.35:011][  0]LogAssetRegistry: Asset discovery search completed in 7.5126 seconds
[2020.10.15-09.56.35:014][  0]LogCollectionManager: Fixed up redirectors for 0 collections in 0.000002 seconds (updated 0 objects)
[2020.10.15-09.56.35:016][  0]LogContentStreaming: Texture pool size now 1000 MB
[2020.10.15-09.56.35:039][  0]LogSlate: Took 0.010723 seconds to synchronously load lazily loaded font '../../../Engine/Content/Slate/Fonts/Roboto-Light.ttf' (167K)
[2020.10.15-09.59.51:166][600]LogSlate: Window '项目设置' being destroyed
[2020.10.15-09.59.51:177][600]LogSlate: Window '项目设置' being destroyed
[2020.10.15-10.00.22:424][333]LogUObjectHash: Compacting FUObjectHashTables data took   0.68ms
[2020.10.15-10.00.22:430][333]LogWindows: LaunchURL http://docs.unrealengine.com/latest/ZHO/Engine/Tutorial/Mobile/SettingUpAndroidTutorial.SettingUpAndroidTutorial/index.html
[2020.10.15-10.00.37:194][785]LogUObjectHash: Compacting FUObjectHashTables data took   0.53ms
[2020.10.15-10.00.37:198][785]LogWindows: LaunchURL http://docs.unrealengine.com/latest/ZHO/Engine/Tutorial/Mobile/SettingUpAndroidTutorial.SettingUpAndroidTutorial/index.html
[2020.10.15-10.01.35:229][368]LogTemp: Repeating last play command: 选中的视口
[2020.10.15-10.01.35:272][368]LogPlayLevel: PlayLevel: No blueprints needed recompiling
[2020.10.15-10.01.35:309][368]PIE: New page: PIE会话：ThirdPersonExampleMap（2020年10月16日 上午2:01:35）
[2020.10.15-10.01.35:313][368]LogOnline: OSS: Creating online subsystem instance for: NULL
[2020.10.15-10.01.35:330][368]LogOnline: OSS: TryLoadSubsystemAndSetDefault: Loaded subsystem for module [NULL]
[2020.10.15-10.01.35:332][368]LogPlayLevel: Creating play world package: /Game/ThirdPersonCPP/Maps/UEDPIE_0_ThirdPersonExampleMap
[2020.10.15-10.01.35:352][368]LogPlayLevel: PIE: StaticDuplicateObject took: (0.019444s)
[2020.10.15-10.01.35:353][368]LogAIModule: Creating AISystem for world ThirdPersonExampleMap
[2020.10.15-10.01.35:353][368]LogAISub: UAISubsystem::UAISubsystem EnvQueryManager (000001658D460400), frame # 7368
[2020.10.15-10.01.35:353][368]LogAISub: UAISubsystem::UAISubsystem AIPerceptionSystem (00000165DE637600), frame # 7368
[2020.10.15-10.01.35:353][368]LogPlayLevel: PIE: World Init took: (0.001864s)
[2020.10.15-10.01.35:354][368]LogPlayLevel: PIE: Created PIE world by copying editor world from /Game/ThirdPersonCPP/Maps/ThirdPersonExampleMap.ThirdPersonExampleMap to /Game/ThirdPersonCPP/Maps/UEDPIE_0_ThirdPersonExampleMap.ThirdPersonExampleMap (0.021774s)
[2020.10.15-10.01.35:365][368]LogUObjectHash: Compacting FUObjectHashTables data took   0.53ms
[2020.10.15-10.01.35:369][368]LogAudioMixer: Display: Audio Mixer Platform Settings:
[2020.10.15-10.01.35:369][368]LogAudioMixer: Display: 	Sample Rate:						  48000
[2020.10.15-10.01.35:369][368]LogAudioMixer: Display: 	Callback Buffer Frame Size Requested: 1024
[2020.10.15-10.01.35:369][368]LogAudioMixer: Display: 	Callback Buffer Frame Size To Use:	  1024
[2020.10.15-10.01.35:369][368]LogAudioMixer: Display: 	Number of buffers to queue:			  2
[2020.10.15-10.01.35:369][368]LogAudioMixer: Display: 	Max Channels (voices):				  32
[2020.10.15-10.01.35:369][368]LogAudioMixer: Display: 	Number of Async Source Workers:		  0
[2020.10.15-10.01.35:369][368]LogAudio: Display: AudioDevice MaxSources: 32
[2020.10.15-10.01.35:370][368]LogAudio: Display: Using built-in audio occlusion.
[2020.10.15-10.01.35:370][368]LogAudioMixer: Display: Initializing audio mixer.
[2020.10.15-10.01.35:373][368]LogAudioMixer: Display: 0: FrontLeft
[2020.10.15-10.01.35:373][368]LogAudioMixer: Display: 1: FrontRight
[2020.10.15-10.01.35:373][368]LogAudioMixer: Display: 2: FrontCenter
[2020.10.15-10.01.35:373][368]LogAudioMixer: Display: 3: LowFrequency
[2020.10.15-10.01.35:373][368]LogAudioMixer: Display: 4: BackLeft
[2020.10.15-10.01.35:373][368]LogAudioMixer: Display: 5: BackRight
[2020.10.15-10.01.35:373][368]LogAudioMixer: Display: 6: SideLeft
[2020.10.15-10.01.35:373][368]LogAudioMixer: Display: 7: SideRight
[2020.10.15-10.01.35:470][368]LogAudioMixer: Display: Using Audio Device 扬声器 (Realtek High Definition Audio)
[2020.10.15-10.01.35:470][368]LogAudioMixer: Display: Initializing Sound Submixes...
[2020.10.15-10.01.35:470][368]LogAudioMixer: Display: Creating Master Submix 'MasterSubmixDefault'
[2020.10.15-10.01.35:470][368]LogAudioMixer: Display: Creating Master Submix 'MasterReverbSubmixDefault'
[2020.10.15-10.01.35:470][368]LogAudioMixer: Display: Creating Master Submix 'MasterEQSubmixDefault'
[2020.10.15-10.01.35:484][368]LogInit: FAudioDevice initialized.
[2020.10.15-10.01.35:523][368]LogLoad: Game class is 'TPS1GameMode'
[2020.10.15-10.01.35:546][368]LogWorld: Bringing World /Game/ThirdPersonCPP/Maps/UEDPIE_0_ThirdPersonExampleMap.ThirdPersonExampleMap up for play (max tick rate 0) at 2020.10.15-18.01.35
[2020.10.15-10.01.35:548][368]LogWorld: Bringing up level for play took: 0.003412
[2020.10.15-10.01.35:549][368]LogOnline: OSS: Creating online subsystem instance for: :Context_2
[2020.10.15-10.01.35:634][368]LogContentBrowser: Native class hierarchy updated for 'MovieSceneCapture' in 0.0005 seconds. Added 20 classes and 0 folders.
[2020.10.15-10.01.35:638][368]PIE: 登陆的服务器
[2020.10.15-10.01.35:641][368]PIE: PIE总开始时间：0.401秒。
[2020.10.15-10.02.04:354][339]LogSlate: Updating window title bar state: overlay mode, drag disabled, window buttons hidden, title bar hidden
[2020.10.15-10.02.04:354][339]LogWorld: BeginTearingDown for /Game/ThirdPersonCPP/Maps/UEDPIE_0_ThirdPersonExampleMap
[2020.10.15-10.02.04:354][339]LogWorld: UWorld::CleanupWorld for ThirdPersonExampleMap, bSessionEnded=true, bCleanupResources=true
[2020.10.15-10.02.04:355][339]LogSlate: InvalidateAllWidgets triggered.  All widgets were invalidated
[2020.10.15-10.02.04:362][339]LogPlayLevel: Display: Shutting down PIE online subsystems
[2020.10.15-10.02.04:364][339]LogSlate: InvalidateAllWidgets triggered.  All widgets were invalidated
[2020.10.15-10.02.04:393][339]LogSlate: Updating window title bar state: overlay mode, drag disabled, window buttons hidden, title bar hidden
[2020.10.15-10.02.04:394][339]LogAISub: UAISubsystem::~UAISubsystem EnvQueryManager (000001658D460400), frame # 10339
[2020.10.15-10.02.04:394][339]LogAISub: UAISubsystem::~UAISubsystem AIPerceptionSystem (00000165DE637600), frame # 10339
[2020.10.15-10.02.04:395][339]LogUObjectHash: Compacting FUObjectHashTables data took   0.49ms
[2020.10.15-10.02.04:440][341]LogPlayLevel: Display: Destroying online subsystem :Context_2
[2020.10.15-10.03.17:825][891]LogSlate: Window '项目设置' being destroyed
[2020.10.15-10.03.17:834][891]LogSlate: Window '项目设置' being destroyed
[2020.10.15-10.03.24:274][326]LogUObjectHash: Compacting FUObjectHashTables data took   0.87ms
[2020.10.15-10.03.24:278][326]LogWindows: LaunchURL http://docs.unrealengine.com/latest/ZHO/Engine/Tutorial/Mobile/SettingUpAndroidTutorial.SettingUpAndroidTutorial/index.html
[2020.10.15-10.04.24:076][555]LogEditorViewport: Clicking on Actor (LMB): StaticMeshActor (Floor)
[2020.10.15-10.06.55:397][174]LogSlate: Took 0.000176 seconds to synchronously load lazily loaded font '../../../Engine/Content/Slate/Fonts/Roboto-Light.ttf' (167K)
[2020.10.15-10.45.05:411][101]LogSlate: Window 'Android SDK证书' being destroyed
[2020.10.15-10.46.10:376][205]LogSlate: Window '项目设置' being destroyed
[2020.10.15-10.46.10:387][205]LogSlate: Window '项目设置' being destroyed
[2020.10.15-10.46.49:589][864]LogSlate: Window '项目设置' being destroyed
[2020.10.15-10.46.49:595][864]LogSlate: Window '项目设置' being destroyed
[2020.10.15-10.46.56:745][310]LogUObjectHash: Compacting FUObjectHashTables data took   4.34ms
[2020.10.15-10.47.23:942][310]LogMainFrame: Selected target: TPS1
[2020.10.15-10.47.23:965][310]LogLauncherProfile: Unable to use promoted target - E:/UE4 project/TPS1/Binaries/Android/TPS1.target does not exist.
[2020.10.15-10.47.24:425][310]UATHelper: 打包 (Android (ETC2)): Running AutomationTool...
[2020.10.15-10.47.24:721][324]UATHelper: 打包 (Android (ETC2)): Parsing command line: -ScriptsForProject="E:/UE4 project/TPS1/TPS1.uproject" BuildCookRun -nocompileeditor -installed -nop4 -project="E:/UE4 project/TPS1/TPS1.uproject" -cook -stage -archive -archivedirectory=C:/Users/sakura/Desktop/tps0.1 -package -ue4exe="F:\Unreal Engine 4\UE_4.25\Engine\Binaries\Win64\UE4Editor-Cmd.exe" -pak -prereqs -nodebuginfo -targetplatform=Android -cookflavor=ETC2 -build -target=TPS1 -clientconfig=Development -utf8output
[2020.10.15-10.47.26:363][432]UATHelper: 打包 (Android (ETC2)): Setting up ProjectParams for E:\UE4 project\TPS1\TPS1.uproject
[2020.10.15-10.47.27:164][485]UATHelper: 打包 (Android (ETC2)): ********** BUILD COMMAND STARTED **********
[2020.10.15-10.47.27:191][487]UATHelper: 打包 (Android (ETC2)): Running: F:\Unreal Engine 4\UE_4.25\Engine\Binaries\DotNET\UnrealBuildTool.exe TPS1 Android Development -Project="E:\UE4 project\TPS1\TPS1.uproject"  "E:\UE4 project\TPS1\TPS1.uproject" -NoUBTMakefiles  -remoteini="E:\UE4 project\TPS1" -skipdeploy -Manifest="E:\UE4 project\TPS1\Intermediate\Build\Manifest.xml" -NoHotReload -log="C:\Users\sakura\AppData\Roaming\Unreal Engine\AutomationTool\Logs\F+Unreal+Engine+4+UE_4.25\UBT-TPS1-Android-Development.txt"
[2020.10.15-10.47.29:607][648]UATHelper: 打包 (Android (ETC2)):   ERROR: Android toolchain NDK r12b not supported; please use NDK r21 to NDK r23 (NDK r21b recommended)
[2020.10.15-10.47.29:607][648]PackagingResults: Error: Android toolchain NDK r12b not supported; please use NDK r21 to NDK r23 (NDK r21b recommended)
[2020.10.15-10.47.29:797][660]UATHelper: 打包 (Android (ETC2)): Took 2.6006813s to run UnrealBuildTool.exe, ExitCode=6
[2020.10.15-10.47.29:797][660]UATHelper: 打包 (Android (ETC2)): UnrealBuildTool failed. See log for more details. (C:\Users\sakura\AppData\Roaming\Unreal Engine\AutomationTool\Logs\F+Unreal+Engine+4+UE_4.25\UBT-TPS1-Android-Development.txt)
[2020.10.15-10.47.30:004][673]UATHelper: 打包 (Android (ETC2)): AutomationTool exiting with ExitCode=6 (6)
[2020.10.15-10.47.30:120][679]UATHelper: 打包 (Android (ETC2)): BUILD FAILED
[2020.10.15-10.47.30:120][679]PackagingResults: Error: Unknown Error
[2020.10.15-10.47.33:707][916]LogSlate: Took 0.038617 seconds to synchronously load lazily loaded font '../../../Engine/Content/Slate/Fonts/DroidSansMono.ttf' (77K)
[2020.10.15-10.56.12:596][278]LogSlate: Window '输出日志' being destroyed
[2020.10.15-10.56.12:605][278]LogSlate: Window '输出日志' being destroyed
[2020.10.15-10.56.31:290][895]LogSlate: Window '项目设置' being destroyed
[2020.10.15-10.56.31:298][895]LogSlate: Window '项目设置' being destroyed
[2020.10.15-10.56.35:335][144]LogUObjectHash: Compacting FUObjectHashTables data took   0.62ms
[2020.10.15-10.56.38:929][144]LogMainFrame: Selected target: TPS1
[2020.10.15-10.56.38:930][144]LogLauncherProfile: Unable to use promoted target - E:/UE4 project/TPS1/Binaries/Android/TPS1.target does not exist.
[2020.10.15-10.56.39:040][149]UATHelper: 打包 (Android (ETC2)): Running AutomationTool...
[2020.10.15-10.56.39:246][161]UATHelper: 打包 (Android (ETC2)): Parsing command line: -ScriptsForProject="E:/UE4 project/TPS1/TPS1.uproject" BuildCookRun -nocompileeditor -installed -nop4 -project="E:/UE4 project/TPS1/TPS1.uproject" -cook -stage -archive -archivedirectory=C:/Users/sakura/Desktop/tps0.1 -package -ue4exe="F:\Unreal Engine 4\UE_4.25\Engine\Binaries\Win64\UE4Editor-Cmd.exe" -pak -prereqs -nodebuginfo -targetplatform=Android -cookflavor=ETC2 -build -target=TPS1 -clientconfig=Development -utf8output
[2020.10.15-10.56.40:040][220]UATHelper: 打包 (Android (ETC2)): Setting up ProjectParams for E:\UE4 project\TPS1\TPS1.uproject
[2020.10.15-10.56.40:504][248]UATHelper: 打包 (Android (ETC2)): ********** BUILD COMMAND STARTED **********
[2020.10.15-10.56.40:532][250]UATHelper: 打包 (Android (ETC2)): Running: F:\Unreal Engine 4\UE_4.25\Engine\Binaries\DotNET\UnrealBuildTool.exe TPS1 Android Development -Project="E:\UE4 project\TPS1\TPS1.uproject"  "E:\UE4 project\TPS1\TPS1.uproject" -NoUBTMakefiles  -remoteini="E:\UE4 project\TPS1" -skipdeploy -Manifest="E:\UE4 project\TPS1\Intermediate\Build\Manifest.xml" -NoHotReload -log="C:\Users\sakura\AppData\Roaming\Unreal Engine\AutomationTool\Logs\F+Unreal+Engine+4+UE_4.25\UBT-TPS1-Android-Development.txt"
[2020.10.15-10.56.42:719][389]UATHelper: 打包 (Android (ETC2)):   ERROR: Android toolchain NDK r14b not supported; please use NDK r21 to NDK r23 (NDK r21b recommended)
[2020.10.15-10.56.42:719][389]PackagingResults: Error: Android toolchain NDK r14b not supported; please use NDK r21 to NDK r23 (NDK r21b recommended)
[2020.10.15-10.56.42:787][393]UATHelper: 打包 (Android (ETC2)): Took 2.2622262s to run UnrealBuildTool.exe, ExitCode=6
[2020.10.15-10.56.42:808][394]UATHelper: 打包 (Android (ETC2)): UnrealBuildTool failed. See log for more details. (C:\Users\sakura\AppData\Roaming\Unreal Engine\AutomationTool\Logs\F+Unreal+Engine+4+UE_4.25\UBT-TPS1-Android-Development.txt)
[2020.10.15-10.56.42:828][395]UATHelper: 打包 (Android (ETC2)): AutomationTool exiting with ExitCode=6 (6)
[2020.10.15-10.56.42:909][400]UATHelper: 打包 (Android (ETC2)): BUILD FAILED
[2020.10.15-10.56.42:914][400]PackagingResults: Error: Unknown Error
[2020.10.15-10.57.01:726][671]LogSlate: Window '输出日志' being destroyed
[2020.10.15-10.57.01:743][671]LogSlate: Window '输出日志' being destroyed
[2020.10.15-11.04.33:315][209]LogRHI: Error: Present Fail Count 1
[2020.10.15-11.04.33:315][209]LogRHI: Error: SyncInterval 0
[2020.10.15-11.04.33:315][209]LogRHI: Error: SwapChainDesc.BufferDesc.Width 1273
[2020.10.15-11.04.33:315][209]LogRHI: Error: SwapChainDesc.BufferDesc.Height 695
[2020.10.15-11.04.33:315][209]LogRHI: Error: SwapChainDesc.BufferDesc.RefreshRate.Numerator 0
[2020.10.15-11.04.33:315][209]LogRHI: Error: SwapChainDesc.BufferDesc.RefreshRate.Denominator 0
[2020.10.15-11.04.33:315][209]LogRHI: Error: SwapChainDesc.BufferDesc.Format 24
[2020.10.15-11.04.33:315][209]LogRHI: Error: SwapChainDesc.BufferDesc.ScanlineOrdering 0
[2020.10.15-11.04.33:315][209]LogRHI: Error: SwapChainDesc.BufferDesc.Scaling 0
[2020.10.15-11.04.33:315][209]LogRHI: Error: SwapChainDesc.SampleDesc.Count 1
[2020.10.15-11.04.33:315][209]LogRHI: Error: SwapChainDesc.SampleDesc.Quality 0
[2020.10.15-11.04.33:315][209]LogRHI: Error: SwapChainDesc.BufferUsage 48
[2020.10.15-11.04.33:315][209]LogRHI: Error: SwapChainDesc.BufferCount 2
[2020.10.15-11.04.33:315][209]LogRHI: Error: SwapChainDesc.OutputWindow 00000000000F0D24
[2020.10.15-11.04.33:315][209]LogRHI: Error: SwapChainDesc.Windowed true
[2020.10.15-11.04.33:315][209]LogRHI: Error: SwapChainDesc.SwapEffect 4
[2020.10.15-11.04.33:315][209]LogRHI: Error: SwapChainDesc.Flags 2050
[2020.10.15-11.04.33:315][209]LogRHI: Error: Present Fail Count 1
[2020.10.15-11.04.33:315][209]LogRHI: Error: SyncInterval 0
[2020.10.15-11.04.33:315][209]LogRHI: Error: SwapChainDesc.BufferDesc.Width 652
[2020.10.15-11.04.33:315][209]LogRHI: Error: SwapChainDesc.BufferDesc.Height 80
[2020.10.15-11.04.33:315][209]LogRHI: Error: SwapChainDesc.BufferDesc.RefreshRate.Numerator 0
[2020.10.15-11.04.33:315][209]LogRHI: Error: SwapChainDesc.BufferDesc.RefreshRate.Denominator 0
[2020.10.15-11.04.33:315][209]LogRHI: Error: SwapChainDesc.BufferDesc.Format 24
[2020.10.15-11.04.33:315][209]LogRHI: Error: SwapChainDesc.BufferDesc.ScanlineOrdering 0
[2020.10.15-11.04.33:315][209]LogRHI: Error: SwapChainDesc.BufferDesc.Scaling 0
[2020.10.15-11.04.33:315][209]LogRHI: Error: SwapChainDesc.SampleDesc.Count 1
[2020.10.15-11.04.33:315][209]LogRHI: Error: SwapChainDesc.SampleDesc.Quality 0
[2020.10.15-11.04.33:315][209]LogRHI: Error: SwapChainDesc.BufferUsage 48
[2020.10.15-11.04.33:315][209]LogRHI: Error: SwapChainDesc.BufferCount 2
[2020.10.15-11.04.33:315][209]LogRHI: Error: SwapChainDesc.OutputWindow 0000000000150C12
[2020.10.15-11.04.33:315][209]LogRHI: Error: SwapChainDesc.Windowed true
[2020.10.15-11.04.33:315][209]LogRHI: Error: SwapChainDesc.SwapEffect 4
[2020.10.15-11.04.33:315][209]LogRHI: Error: SwapChainDesc.Flags 2050
[2020.10.15-11.04.33:315][209]LogD3D11RHI: Error: Result failed 
 at D:/Build/++UE4+Licensee/Sync/Engine/Source/Runtime/Windows/D3D11RHI/Private/D3D11Query.cpp:348 
 with error DXGI_ERROR_DEVICE_REMOVED DXGI_ERROR_DRIVER_INTERNAL_ERROR
[2020.10.15-11.04.33:315][209]LogRHI: Error: [Aftermath] Status: PageFault
[2020.10.15-11.04.33:315][209]LogRHI: Error: [Aftermath] GPU Stack Dump
[2020.10.15-11.04.33:315][209]LogRHI: Error: [Aftermath] 0: FRAME
[2020.10.15-11.04.33:315][209]LogRHI: Error: [Aftermath] 1: SlateUI Title = 项目设置
[2020.10.15-11.04.33:315][209]LogRHI: Error: [Aftermath] GPU Stack Dump
[2020.10.15-11.04.34:242][209]LogD3D11RHI: [Aftermath] GDynamicRHI=0000016585CB80C0, GDX11NVAfterMathEnabled=1, Result=0x00000001, bDeviceActive=0
[2020.10.15-11.04.34:242][209]LogWindows: Windows GetLastError: 操作成功完成。 (0)
[2020.10.15-11.05.02:402][209]LogWindows: FPlatformMisc::RequestExit(0)
[2020.10.15-11.05.02:402][209]LogCore: Engine exit requested (reason: Win RequestExit)
[2020.10.15-11.05.02:402][209]LogWindows: FPlatformMisc::RequestExit(1)
[2020.10.15-11.05.02:402][209]LogCore: Engine exit requested (reason: Win RequestExit; note: exit was already requested)
[2020.10.15-11.05.02:674][209]Log file closed, 10/15/20 19:05:02
